#
# A fatal error has been detected by the Java Runtime Environment:
#
#  EXCEPTION_ACCESS_VIOLATION (0xc0000005) at pc=0x0000022059f00fa4, pid=28836, tid=39980
#
# JRE version: OpenJDK Runtime Environment Temurin-21.0.3+9 (21.0.3+9) (build 21.0.3+9-LTS)
# Java VM: OpenJDK 64-Bit Server VM Temurin-21.0.3+9 (21.0.3+9-LTS, mixed mode, emulated-client, tiered, compressed oops, compressed class ptrs, g1 gc, windows-amd64)
# Problematic frame:
# v  ~BufferBlob::MethodHandles adapters 0x0000022059f00fa4
#
# No core dump will be written. Minidumps are not enabled by default on client versions of Windows
#
# If you would like to submit a bug report, please visit:
#   https://github.com/adoptium/adoptium-support/issues
#

---------------  S U M M A R Y ------------

Command Line: -XX:+ShowCodeDetailsInExceptionMessages -agentlib:jdwp=transport=dt_socket,suspend=y,address=localhost:50182 -Dcom.sun.management.jmxremote -Dcom.sun.management.jmxremote.port=50177 -Dcom.sun.management.jmxremote.authenticate=false -Dcom.sun.management.jmxremote.ssl=false -Djava.rmi.server.hostname=localhost -Dspring.jmx.enabled=true -Dmanagement.endpoints.jmx.exposure.include=* -Dspring.application.admin.enabled=true -XX:TieredStopAtLevel=1 -Dspring.boot.project.name=E-Manager -javaagent:C:\spring-tool-suite-4-4.24\contents\sts-4.24.0.RELEASE\configuration\org.eclipse.osgi\230\0\.cp\lib\javaagent-shaded.jar -Dfile.encoding=UTF-8 -Dstdout.encoding=UTF-8 -Dstderr.encoding=UTF-8 com.framework.ProjectApplication --spring.output.ansi.enabled=always

Host: 12th Gen Intel(R) Core(TM) i7-1260P, 16 cores, 31G,  Windows 11 , 64 bit Build 26100 (10.0.26100.3775)
Time: Thu Jul 10 15:39:33 2025  Windows 11 , 64 bit Build 26100 (10.0.26100.3775) elapsed time: 11077.922349 seconds (0d 3h 4m 37s)

---------------  T H R E A D  ---------------

Current thread (0x000002207175f240):  JavaThread "scheduling-1"        [_thread_in_Java, id=39980, stack(0x0000007856a00000,0x0000007856b00000) (1024K)]

Stack: [0x0000007856a00000,0x0000007856b00000],  sp=0x0000007856afec28,  free space=1019k
Native frames: (J=compiled Java code, j=interpreted, Vv=VM code, C=native code)
C  0x0000022059f00fa4

The last pc belongs to _linkToVirtual (printed below).

siginfo: EXCEPTION_ACCESS_VIOLATION (0xc0000005), reading address 0x00000016744237d2


Registers:
RAX=0x0000022059ed9086, RBX=0x0000000608018b30, RCX=0x0000007856afec30, RDX=0x0000000000000002
RSP=0x0000007856afec28, RBP=0x0000007856afec78, RSI=0x000002206acc4188, RDI=0x0000022071e192c0
R8 =0x0000000000000004, R9 =0x0000000000000004, R10=0x000000086b700a72, R11=0x00000001c11a4573
R12=0x0000000000000000, R13=0x0000007856afec28, R14=0x0000007856afec98, R15=0x000002207175f240
RIP=0x0000022059f00fa4, EFLAGS=0x0000000000010206


Register to memory mapping:

RAX=0x0000022059ed9086 is at code_begin+3078 in an Interpreter codelet
return entry points  [0x0000022059ed8480, 0x0000022059eda298]  7704 bytes
RBX=0x0000000608018b30 is an oop: com.framework.chk.controller.ChkScheduler$$EnhancerBySpringCGLIB$$b252e3e0 
{0x0000000608018b30} - klass: 'com/framework/chk/controller/ChkScheduler$$EnhancerBySpringCGLIB$$b252e3e0'
 - ---- fields (total size 5 words):
 - 'log' 'Lorg/slf4j/Logger;' @12  a 'ch/qos/logback/classic/Logger'{0x0000000606846878} (0xc0d08d0f)
 - private 'chkService' 'Lcom/framework/chk/service/ChkService;' @16  a 'com/framework/chk/service/ChkServiceImpl'{0x0000000608d22b98} (0xc11a4573)
 - private 'CGLIB$BOUND' 'Z' @20  true (0x01)
 - private 'CGLIB$CALLBACK_0' 'Lorg/springframework/cglib/proxy/MethodInterceptor;' @24  a 'org/springframework/context/annotation/ConfigurationClassEnhancer$BeanMethodInterceptor'{0x000000060755a080} (0xc0eab410)
 - private 'CGLIB$CALLBACK_1' 'Lorg/springframework/cglib/proxy/MethodInterceptor;' @28  a 'org/springframework/context/annotation/ConfigurationClassEnhancer$BeanFactoryAwareMethodInterceptor'{0x000000060755a070} (0xc0eab40e)
 - private 'CGLIB$CALLBACK_2' 'Lorg/springframework/cglib/proxy/NoOp;' @32  a 'org/springframework/cglib/proxy/NoOp$1'{0x000000060755a060} (0xc0eab40c)
 - public '$$beanFactory' 'Lorg/springframework/beans/factory/BeanFactory;' @36  a 'org/springframework/beans/factory/support/DefaultListableBeanFactory'{0x00000006077d78d0} (0xc0efaf1a)
RCX=0x0000007856afec30 is pointing into the stack for thread: 0x000002207175f240
RDX=0x0000000000000002 is an unknown value
RSP=0x0000007856afec28 is pointing into the stack for thread: 0x000002207175f240
RBP=0x0000007856afec78 is pointing into the stack for thread: 0x000002207175f240
RSI=0x000002206acc4188 points into unknown readable memory: 0x88001039050d5efb | fb 5e 0d 05 39 10 00 88
RDI=0x0000022071e192c0 points into unknown readable memory: 0x0000001800000060 | 60 00 00 00 18 00 00 00
R8 =0x0000000000000004 is an unknown value
R9 =0x0000000000000004 is an unknown value
R10=0x000000086b700a72 is an unknown value
R11=0x00000001c11a4573 is an unknown value
R12=0x0 is null
R13=0x0000007856afec28 is pointing into the stack for thread: 0x000002207175f240
R14=0x0000007856afec98 is pointing into the stack for thread: 0x000002207175f240
R15=0x000002207175f240 is a thread

Top of Stack: (sp=0x0000007856afec28)
0x0000007856afec28:   0000022059ed9086 0000007856afec30
0x0000007856afec38:   000002206b700a72 0000000000000004
0x0000007856afec48:   000002206b700bc0 0000007856afed28
0x0000007856afec58:   000000060643c2a8 000002206b700a80
0x0000007856afec68:   0000007856afec28 0000007856afeca0
0x0000007856afec78:   0000007856afecf8 0000022059ed9086
0x0000007856afec88:   0000000607c387c0 0000000608018b30
0x0000007856afec98:   0000000607c38808 0000000618ad6088
0x0000007856afeca8:   0000000616c001f8 0000007856afecb0
0x0000007856afecb8:   000002206dc9569f 0000000000000006
0x0000007856afecc8:   000002206eb61400 0000000000000000
0x0000007856afecd8:   0000000608e0ff58 000002206dc956b0
0x0000007856afece8:   0000007856afeca0 0000007856afed30
0x0000007856afecf8:   0000007856afefd0 000002205a9474b2
0x0000007856afed08:   0000000607c38808 0000000608018b30
0x0000007856afed18:   0000000607c38830 0000000608018b30
0x0000007856afed28:   0000000608e0ff30 0000000608c5d9a0
0x0000007856afed38:   0000000616607018 0000000616604340
0x0000007856afed48:   0000000000000001 0000000608c5d9a0
0x0000007856afed58:   00000006068cb828 0000000618ad5a80
0x0000007856afed68:   0000000000000000 0000007856afefd0
0x0000007856afed78:   000002205a33736c 0000000000000000
0x0000007856afed88:   0000000000000000 0000007856afefd0
0x0000007856afed98:   000002205adc3074 0000000000000000
0x0000007856afeda8:   0000000000000000 0000000000000000
0x0000007856afedb8:   0000000000000000 0000000000000000
0x0000007856afedc8:   0000000000000000 0000000000000000
0x0000007856afedd8:   0000000000000000 0000000608e10030
0x0000007856afede8:   0000000607c38790 0000000608018b30
0x0000007856afedf8:   000000060643dee0 0000000608d494b8
0x0000007856afee08:   0000000600000000 0000000000000000
0x0000007856afee18:   0000000616607018 0000007856afefd0 

Instructions: (pc=0x0000022059f00fa4)
0x0000022059f00ea4:   20 02 00 00 00 0f f0 59 20 02 00 00 80 1f f0 59
0x0000022059f00eb4:   20 02 00 00 f0 0e f0 59 20 02 00 00 f0 0e f0 59
0x0000022059f00ec4:   20 02 00 00 00 00 00 00 00 00 00 00 d8 e6 d6 a4
0x0000022059f00ed4:   fa 7f 00 00 f0 10 00 00 60 00 00 00 ff ff ff ff
0x0000022059f00ee4:   f0 10 00 00 00 00 00 00 00 00 00 00 00 00 00 00
0x0000022059f00ef4:   00 00 00 00 00 00 00 00 00 00 00 00 f4 66 66 66
0x0000022059f00f04:   0f 1f 84 00 00 00 00 00 66 66 66 90 66 66 66 0f
0x0000022059f00f14:   1f 84 00 00 00 00 00 66 66 66 90 90 48 8b 53 08
0x0000022059f00f24:   0f b7 52 2e 48 8b 0c d4 8b 59 14 48 c1 e3 03 8b
0x0000022059f00f34:   5b 28 48 c1 e3 03 8b 5b 24 48 c1 e3 03 48 8b 5b
0x0000022059f00f44:   10 48 85 db 0f 84 10 00 00 00 41 80 bf e0 05 00
0x0000022059f00f54:   00 00 74 03 ff 63 38 ff 63 50 e9 9d 16 00 00 66
0x0000022059f00f64:   66 66 0f 1f 84 00 00 00 00 00 66 66 66 90 66 66
0x0000022059f00f74:   0f 1f 84 00 00 00 00 00 66 66 66 90 48 8b 53 08
0x0000022059f00f84:   0f b7 52 2e 48 8b 0c d4 58 5b 50 44 8b 51 08 49
0x0000022059f00f94:   bb 00 00 00 00 08 00 00 00 4d 03 d3 4c 8b 5b 10
0x0000022059f00fa4:   4b 8b 9c da c8 01 00 00 48 85 db 0f 84 10 00 00
0x0000022059f00fb4:   00 41 80 bf e0 05 00 00 00 74 03 ff 63 38 ff 63
0x0000022059f00fc4:   50 e9 36 16 00 00 66 66 66 0f 1f 84 00 00 00 00
0x0000022059f00fd4:   00 66 66 66 90 0f 1f 80 00 00 00 00 58 5b 50 8b
0x0000022059f00fe4:   5b 24 48 c1 e3 03 48 8b 5b 10 48 85 db 0f 84 10
0x0000022059f00ff4:   00 00 00 41 80 bf e0 05 00 00 00 74 03 ff 63 38
0x0000022059f01004:   ff 63 50 e9 f4 15 00 00 66 66 66 0f 1f 84 00 00
0x0000022059f01014:   00 00 00 66 66 66 90 0f 1f 44 00 00 48 8b 53 08
0x0000022059f01024:   0f b7 52 2e 48 8b 0c d4 58 5b 50 48 3b 01 8b 5b
0x0000022059f01034:   24 48 c1 e3 03 48 8b 5b 10 48 85 db 0f 84 10 00
0x0000022059f01044:   00 00 41 80 bf e0 05 00 00 00 74 03 ff 63 38 ff
0x0000022059f01054:   63 50 e9 a5 15 00 00 0f 1f 44 00 00 48 8b 53 08
0x0000022059f01064:   0f b7 52 2e 48 8b 0c d4 58 5b 50 44 8b 51 08 49
0x0000022059f01074:   bb 00 00 00 00 08 00 00 00 4d 03 d3 8b 43 18 48
0x0000022059f01084:   c1 e0 03 48 8b 40 10 48 8b 5b 10 45 8b 9a a0 00
0x0000022059f01094:   00 00 4f 8d 9c da c8 01 00 00 4d 8d 14 da 49 8b 


Stack slot to memory mapping:

stack at sp + 0 slots: 0x0000022059ed9086 is at code_begin+3078 in an Interpreter codelet
return entry points  [0x0000022059ed8480, 0x0000022059eda298]  7704 bytes
stack at sp + 1 slots: 0x0000007856afec30 is pointing into the stack for thread: 0x000002207175f240
stack at sp + 2 slots: 0x000002206b700a72 is pointing into metadata
stack at sp + 3 slots: 0x0000000000000004 is an unknown value
stack at sp + 4 slots: 0x000002206b700bc0 is pointing into metadata
stack at sp + 5 slots: 0x0000007856afed28 is pointing into the stack for thread: 0x000002207175f240
stack at sp + 6 slots: 0x000000060643c2a8 is an oop: java.lang.Class 
{0x000000060643c2a8} - klass: 'java/lang/Class'
 - ---- fields (total size 15 words):
 - private volatile transient 'classRedefinedCount' 'I' @12  0 (0x00000000)
 - injected 'klass' 'J' @16  34360525824 (0x00000008000c0400)
 - injected 'array_klass' 'J' @24  0 (0x0000000000000000)
 - injected 'oop_size' 'I' @32  15 (0x0000000f)
 - injected 'static_oop_field_count' 'I' @36  1 (0x00000001)
 - private volatile transient 'cachedConstructor' 'Ljava/lang/reflect/Constructor;' @40  null (0x00000000)
 - private transient 'name' 'Ljava/lang/String;' @44  null (0x00000000)
 - private transient 'module' 'Ljava/lang/Module;' @48  a 'java/lang/Module'{0x00000006064487f0} (0xc0c890fe)
 - private final 'classLoader' 'Ljava/lang/ClassLoader;' @52  null (0x00000000)
 - private transient 'classData' 'Ljava/lang/Object;' @56  a 'java/lang/invoke/LambdaForm'{0x000000060643c048} => a 'java/lang/invoke/MemberName'{0x000000060643c278} = {method} {0x000002206b700a88} 'invokeVirtual' '(Ljava/lang/Object;Ljava/lang/Object;)V' in 'java/lang/invoke/LambdaForm$DMH+0x00000008000c0400' (0xc0c87809)
 - private transient 'packageName' 'Ljava/lang/String;' @60  null (0x00000000)
 - private final 'componentType' 'Ljava/lang/Class;' @64  null (0x00000000)
 - private volatile transient 'reflectionData' 'Ljava/lang/ref/SoftReference;' @68  null (0x00000000)
 - private volatile transient 'genericInfo' 'Lsun/reflect/generics/repository/ClassRepository;' @72  null (0x00000000)
 - private volatile transient 'enumConstants' '[Ljava/lang/Object;' @76  null (0x00000000)
 - private volatile transient 'enumConstantDirectory' 'Ljava/util/Map;' @80  null (0x00000000)
 - private volatile transient 'annotationData' 'Ljava/lang/Class$AnnotationData;' @84  null (0x00000000)
 - private volatile transient 'annotationType' 'Lsun/reflect/annotation/AnnotationType;' @88  null (0x00000000)
 - transient 'classValueMap' 'Ljava/lang/ClassValue$ClassValueMap;' @92  null (0x00000000)
 - injected 'protection_domain' 'Ljava/lang/Object;' @96  null (0x00000000)
 - injected 'signers_name' 'Ljava/lang/Object;' @100  null (0x00000000)
 - injected 'source_file' 'Ljava/lang/Object;' @104  null (0x00000000)
 - signature: Ljava/lang/invoke/LambdaForm$DMH+0x00000008000c0400;
 - ---- static fields (1):
 - static final '_D_0' 'Ljava/lang/invoke/LambdaForm;' @112  a 'java/lang/invoke/LambdaForm'{0x000000060643c048} => a 'java/lang/invoke/MemberName'{0x000000060643c278} = {method} {0x000002206b700a88} 'invokeVirtual' '(Ljava/lang/Object;Ljava/lang/Object;)V' in 'java/lang/invoke/LambdaForm$DMH+0x00000008000c0400' (0xc0c87809)
stack at sp + 7 slots: {method} {0x000002206b700a88} 'invokeVirtual' '(Ljava/lang/Object;Ljava/lang/Object;)V' in 'java/lang/invoke/LambdaForm$DMH+0x00000008000c0400'

MethodHandle::interpreter_entry::_linkToVirtual [0x0000022059f00f63, 0x0000022059f00fca] (103 bytes)
[MachCode]
  0x0000022059f00f63: 6666 660f | 1f84 0000 | 0000 0066 | 6666 9066 | 660f 1f84 | 0000 0000 | 0066 6666 | 9048 8b53 
  0x0000022059f00f83: 080f b752 | 2e48 8b0c | d458 5b50 | 448b 5108 | 49bb 0000 | 0000 0800 | 0000 4d03 | d34c 8b5b 
  0x0000022059f00fa3: 104b 8b9c | dac8 0100 | 0048 85db | 0f84 1000 | 0000 4180 | bfe0 0500 | 0000 7403 | ff63 38ff 
  0x0000022059f00fc3: 6350 e936 | 
[/MachCode]

---------------  P R O C E S S  ---------------

Threads class SMR info:
_java_thread_list=0x0000022072d36b10, length=63, elements={
0x000002206ac583a0, 0x000002206ac7cfb0, 0x000002206acc6540, 0x000002206acc7fb0,
0x000002206acd2a30, 0x000002206acd45d0, 0x000002206ace0240, 0x000002206ae7a050,
0x000002206af8eaf0, 0x000002206af91180, 0x000002206af91800, 0x000002206facc590,
0x000002206fd4d150, 0x000002206fd52ac0, 0x000002206fe0c640, 0x0000022070268b40,
0x000002207026c600, 0x0000022071ba6510, 0x000002207175ff60, 0x00000220717605f0,
0x000002207175f240, 0x000002207274be70, 0x000002207274c500, 0x0000022072749080,
0x0000022072749710, 0x0000022072749da0, 0x000002207274d220, 0x000002207274d8b0,
0x000002207274aac0, 0x000002207274a430, 0x000002207274df40, 0x000002207274b150,
0x000002207274ec60, 0x000002207274f2f0, 0x000002207274f980, 0x0000022072750010,
0x00000220727506a0, 0x0000022071ba7230, 0x0000022071ba78c0, 0x0000022071ba4440,
0x0000022071ba4ad0, 0x0000022071ba5e80, 0x0000022071ba57f0, 0x0000022071ba85e0,
0x0000022071ba5160, 0x0000022071baba60, 0x0000022071ba8c70, 0x0000022071ba9300,
0x0000022071bab3d0, 0x0000022071ba9990, 0x0000022071baa6b0, 0x0000022071baad40,
0x0000022071760c80, 0x0000022071762030, 0x000002207175ebb0, 0x0000022071761310,
0x00000220717626c0, 0x0000022071762d50, 0x0000022071979ed0, 0x000002207197a5a0,
0x0000022071978390, 0x0000022071763a70, 0x0000022071764e20
}

Java Threads: ( => current thread )
  0x000002206ac583a0 JavaThread "Reference Handler"          daemon [_thread_blocked, id=25532, stack(0x0000007852700000,0x0000007852800000) (1024K)]
  0x000002206ac7cfb0 JavaThread "Finalizer"                  daemon [_thread_blocked, id=50256, stack(0x0000007852800000,0x0000007852900000) (1024K)]
  0x000002206acc6540 JavaThread "Signal Dispatcher"          daemon [_thread_blocked, id=50804, stack(0x0000007852900000,0x0000007852a00000) (1024K)]
  0x000002206acc7fb0 JavaThread "Attach Listener"            daemon [_thread_blocked, id=3524, stack(0x0000007852a00000,0x0000007852b00000) (1024K)]
  0x000002206acd2a30 JavaThread "Service Thread"             daemon [_thread_blocked, id=41356, stack(0x0000007852b00000,0x0000007852c00000) (1024K)]
  0x000002206acd45d0 JavaThread "Monitor Deflation Thread"   daemon [_thread_blocked, id=13680, stack(0x0000007852c00000,0x0000007852d00000) (1024K)]
  0x000002206ace0240 JavaThread "C1 CompilerThread0"         daemon [_thread_blocked, id=47332, stack(0x0000007852d00000,0x0000007852e00000) (1024K)]
  0x000002206ae7a050 JavaThread "Common-Cleaner"             daemon [_thread_blocked, id=43280, stack(0x0000007852f00000,0x0000007853000000) (1024K)]
  0x000002206af8eaf0 JavaThread "JDWP Transport Listener: dt_socket" daemon [_thread_blocked, id=46432, stack(0x0000007853200000,0x0000007853300000) (1024K)]
  0x000002206af91180 JavaThread "JDWP Event Helper Thread"   daemon [_thread_blocked, id=27412, stack(0x0000007853300000,0x0000007853400000) (1024K)]
  0x000002206af91800 JavaThread "JDWP Command Reader"        daemon [_thread_in_native, id=50412, stack(0x0000007853400000,0x0000007853500000) (1024K)]
  0x000002206facc590 JavaThread "Notification Thread"        daemon [_thread_blocked, id=4424, stack(0x0000007853500000,0x0000007853600000) (1024K)]
  0x000002206fd4d150 JavaThread "RMI TCP Accept-0"           daemon [_thread_in_native, id=50884, stack(0x0000007854100000,0x0000007854200000) (1024K)]
  0x000002206fd52ac0 JavaThread "RMI TCP Accept-50177"       daemon [_thread_in_native, id=22900, stack(0x0000007854200000,0x0000007854300000) (1024K)]
  0x000002206fe0c640 JavaThread "RMI TCP Accept-0"           daemon [_thread_in_native, id=21716, stack(0x0000007854300000,0x0000007854400000) (1024K)]
  0x0000022070268b40 JavaThread "RMI Scheduler(0)"           daemon [_thread_blocked, id=50216, stack(0x0000007854d00000,0x0000007854e00000) (1024K)]
  0x000002207026c600 JavaThread "JMX server connection timeout 55" daemon [_thread_blocked, id=27900, stack(0x0000007854f00000,0x0000007855000000) (1024K)]
  0x0000022071ba6510 JavaThread "Live Reload Server"         daemon [_thread_in_native, id=22872, stack(0x0000007855c00000,0x0000007855d00000) (1024K)]
  0x000002207175ff60 JavaThread "DestroyJavaVM"                     [_thread_blocked, id=48920, stack(0x0000007851f00000,0x0000007852000000) (1024K)]
  0x00000220717605f0 JavaThread "RMI TCP Connection(idle)"   daemon [_thread_blocked, id=47836, stack(0x0000007857700000,0x0000007857800000) (1024K)]
=>0x000002207175f240 JavaThread "scheduling-1"                      [_thread_in_Java, id=39980, stack(0x0000007856a00000,0x0000007856b00000) (1024K)]
  0x000002207274be70 JavaThread "logback-146"                daemon [_thread_blocked, id=28148, stack(0x0000007851c00000,0x0000007851d00000) (1024K)]
  0x000002207274c500 JavaThread "Catalina-utility-1"                [_thread_blocked, id=32272, stack(0x0000007854400000,0x0000007854500000) (1024K)]
  0x0000022072749080 JavaThread "Catalina-utility-2"                [_thread_blocked, id=43844, stack(0x0000007854500000,0x0000007854600000) (1024K)]
  0x0000022072749710 JavaThread "container-0"                       [_thread_blocked, id=51456, stack(0x0000007854600000,0x0000007854700000) (1024K)]
  0x0000022072749da0 JavaThread "HikariPool-75 housekeeper"  daemon [_thread_blocked, id=28924, stack(0x0000007854b00000,0x0000007854c00000) (1024K)]
  0x000002207274d220 JavaThread "HikariPool-76 housekeeper"  daemon [_thread_blocked, id=54120, stack(0x0000007854e00000,0x0000007854f00000) (1024K)]
  0x000002207274d8b0 JavaThread "File Watcher"               daemon [_thread_blocked, id=47296, stack(0x0000007855100000,0x0000007855200000) (1024K)]
  0x000002207274aac0 JavaThread "http-nio-7291-exec-1"       daemon [_thread_blocked, id=50584, stack(0x0000007855200000,0x0000007855300000) (1024K)]
  0x000002207274a430 JavaThread "http-nio-7291-exec-2"       daemon [_thread_blocked, id=17292, stack(0x0000007855300000,0x0000007855400000) (1024K)]
  0x000002207274df40 JavaThread "http-nio-7291-exec-3"       daemon [_thread_blocked, id=53468, stack(0x0000007855400000,0x0000007855500000) (1024K)]
  0x000002207274b150 JavaThread "http-nio-7291-exec-4"       daemon [_thread_blocked, id=52620, stack(0x0000007855500000,0x0000007855600000) (1024K)]
  0x000002207274ec60 JavaThread "http-nio-7291-exec-5"       daemon [_thread_blocked, id=39716, stack(0x0000007855600000,0x0000007855700000) (1024K)]
  0x000002207274f2f0 JavaThread "http-nio-7291-exec-6"       daemon [_thread_blocked, id=50816, stack(0x0000007855700000,0x0000007855800000) (1024K)]
  0x000002207274f980 JavaThread "http-nio-7291-exec-7"       daemon [_thread_blocked, id=46456, stack(0x0000007855800000,0x0000007855900000) (1024K)]
  0x0000022072750010 JavaThread "http-nio-7291-exec-8"       daemon [_thread_blocked, id=50996, stack(0x0000007855900000,0x0000007855a00000) (1024K)]
  0x00000220727506a0 JavaThread "http-nio-7291-exec-9"       daemon [_thread_blocked, id=11008, stack(0x0000007855a00000,0x0000007855b00000) (1024K)]
  0x0000022071ba7230 JavaThread "http-nio-7291-exec-10"      daemon [_thread_blocked, id=50724, stack(0x0000007855b00000,0x0000007855c00000) (1024K)]
  0x0000022071ba78c0 JavaThread "http-nio-7291-Poller"       daemon [_thread_in_native, id=49192, stack(0x0000007855d00000,0x0000007855e00000) (1024K)]
  0x0000022071ba4440 JavaThread "http-nio-7291-Acceptor"     daemon [_thread_in_native, id=48892, stack(0x0000007855e00000,0x0000007855f00000) (1024K)]
  0x0000022071ba4ad0 JavaThread "ajp-nio-0.0.0.0-8109-exec-1" daemon [_thread_blocked, id=52256, stack(0x0000007855f00000,0x0000007856000000) (1024K)]
  0x0000022071ba5e80 JavaThread "ajp-nio-0.0.0.0-8109-exec-2" daemon [_thread_blocked, id=20384, stack(0x0000007856000000,0x0000007856100000) (1024K)]
  0x0000022071ba57f0 JavaThread "ajp-nio-0.0.0.0-8109-exec-3" daemon [_thread_blocked, id=54264, stack(0x0000007856100000,0x0000007856200000) (1024K)]
  0x0000022071ba85e0 JavaThread "ajp-nio-0.0.0.0-8109-exec-4" daemon [_thread_blocked, id=42396, stack(0x0000007856200000,0x0000007856300000) (1024K)]
  0x0000022071ba5160 JavaThread "ajp-nio-0.0.0.0-8109-exec-5" daemon [_thread_blocked, id=43140, stack(0x0000007856300000,0x0000007856400000) (1024K)]
  0x0000022071baba60 JavaThread "ajp-nio-0.0.0.0-8109-exec-6" daemon [_thread_blocked, id=50660, stack(0x0000007856400000,0x0000007856500000) (1024K)]
  0x0000022071ba8c70 JavaThread "ajp-nio-0.0.0.0-8109-exec-7" daemon [_thread_blocked, id=10008, stack(0x0000007856500000,0x0000007856600000) (1024K)]
  0x0000022071ba9300 JavaThread "ajp-nio-0.0.0.0-8109-exec-8" daemon [_thread_blocked, id=51324, stack(0x0000007856600000,0x0000007856700000) (1024K)]
  0x0000022071bab3d0 JavaThread "ajp-nio-0.0.0.0-8109-exec-9" daemon [_thread_blocked, id=46792, stack(0x0000007856700000,0x0000007856800000) (1024K)]
  0x0000022071ba9990 JavaThread "ajp-nio-0.0.0.0-8109-exec-10" daemon [_thread_blocked, id=26840, stack(0x0000007856800000,0x0000007856900000) (1024K)]
  0x0000022071baa6b0 JavaThread "ajp-nio-0.0.0.0-8109-Poller" daemon [_thread_in_native, id=18444, stack(0x0000007856b00000,0x0000007856c00000) (1024K)]
  0x0000022071baad40 JavaThread "ajp-nio-0.0.0.0-8109-Acceptor" daemon [_thread_in_native, id=14808, stack(0x0000007856d00000,0x0000007856e00000) (1024K)]
  0x0000022071760c80 JavaThread "scheduling-1"                      [_thread_blocked, id=18104, stack(0x0000007856e00000,0x0000007856f00000) (1024K)]
  0x0000022071762030 JavaThread "logback-147"                daemon [_thread_blocked, id=48016, stack(0x0000007851d00000,0x0000007851e00000) (1024K)]
  0x000002207175ebb0 JavaThread "logback-148"                daemon [_thread_blocked, id=34156, stack(0x0000007851e00000,0x0000007851f00000) (1024K)]
  0x0000022071761310 JavaThread "logback-149"                daemon [_thread_blocked, id=40888, stack(0x0000007852e00000,0x0000007852f00000) (1024K)]
  0x00000220717626c0 JavaThread "logback-150"                daemon [_thread_blocked, id=44108, stack(0x0000007853000000,0x0000007853100000) (1024K)]
  0x0000022071762d50 JavaThread "logback-151"                daemon [_thread_blocked, id=45060, stack(0x0000007853100000,0x0000007853200000) (1024K)]
  0x0000022071979ed0 JavaThread "C1 CompilerThread1"         daemon [_thread_blocked, id=49680, stack(0x0000007854700000,0x0000007854800000) (1024K)]
  0x000002207197a5a0 JavaThread "C1 CompilerThread2"         daemon [_thread_blocked, id=29032, stack(0x0000007854c00000,0x0000007854d00000) (1024K)]
  0x0000022071978390 JavaThread "C1 CompilerThread3"         daemon [_thread_blocked, id=49988, stack(0x0000007856900000,0x0000007856a00000) (1024K)]
  0x0000022071763a70 JavaThread "logback-152"                daemon [_thread_blocked, id=30212, stack(0x0000007857400000,0x0000007857500000) (1024K)]
  0x0000022071764e20 JavaThread "logback-153"                daemon [_thread_blocked, id=37640, stack(0x0000007856f00000,0x0000007857000000) (1024K)]
Total: 63

Other Threads:
  0x000002206abff4d0 VMThread "VM Thread"                           [id=16284, stack(0x0000007852600000,0x0000007852700000) (1024K)]
  0x0000022067daf860 WatcherThread "VM Periodic Task Thread"        [id=41492, stack(0x0000007852500000,0x0000007852600000) (1024K)]
  0x00000220563d5dc0 WorkerThread "GC Thread#0"                     [id=45528, stack(0x0000007852000000,0x0000007852100000) (1024K)]
  0x000002206fcc9a70 WorkerThread "GC Thread#1"                     [id=38996, stack(0x0000007853600000,0x0000007853700000) (1024K)]
  0x000002206fcc9e10 WorkerThread "GC Thread#2"                     [id=20256, stack(0x0000007853700000,0x0000007853800000) (1024K)]
  0x000002206fcca1b0 WorkerThread "GC Thread#3"                     [id=33936, stack(0x0000007853800000,0x0000007853900000) (1024K)]
  0x000002206fcca550 WorkerThread "GC Thread#4"                     [id=51092, stack(0x0000007853900000,0x0000007853a00000) (1024K)]
  0x000002206fcca8f0 WorkerThread "GC Thread#5"                     [id=50684, stack(0x0000007853a00000,0x0000007853b00000) (1024K)]
  0x000002206fcd50b0 WorkerThread "GC Thread#6"                     [id=28656, stack(0x0000007853b00000,0x0000007853c00000) (1024K)]
  0x000002206fcd5450 WorkerThread "GC Thread#7"                     [id=49440, stack(0x0000007853c00000,0x0000007853d00000) (1024K)]
  0x000002206fcd57f0 WorkerThread "GC Thread#8"                     [id=16184, stack(0x0000007853d00000,0x0000007853e00000) (1024K)]
  0x000002206fcd5b90 WorkerThread "GC Thread#9"                     [id=41896, stack(0x0000007853e00000,0x0000007853f00000) (1024K)]
  0x000002206fcd7140 WorkerThread "GC Thread#10"                    [id=9620, stack(0x0000007853f00000,0x0000007854000000) (1024K)]
  0x000002206fcd7fc0 WorkerThread "GC Thread#11"                    [id=48520, stack(0x0000007854000000,0x0000007854100000) (1024K)]
  0x000002206fcd7c20 WorkerThread "GC Thread#12"                    [id=27484, stack(0x0000007855000000,0x0000007855100000) (1024K)]
  0x00000220563deb60 ConcurrentGCThread "G1 Main Marker"            [id=19312, stack(0x0000007852100000,0x0000007852200000) (1024K)]
  0x0000022067bc9720 WorkerThread "G1 Conc#0"                       [id=38920, stack(0x0000007852200000,0x0000007852300000) (1024K)]
  0x000002206fcd8360 WorkerThread "G1 Conc#1"                       [id=12856, stack(0x0000007854800000,0x0000007854900000) (1024K)]
  0x000002206fcd6da0 WorkerThread "G1 Conc#2"                       [id=17072, stack(0x0000007854900000,0x0000007854a00000) (1024K)]
  0x0000022067c785b0 ConcurrentGCThread "G1 Refine#0"               [id=15592, stack(0x0000007852300000,0x0000007852400000) (1024K)]
  0x0000022067c79ee0 ConcurrentGCThread "G1 Service"                [id=45428, stack(0x0000007852400000,0x0000007852500000) (1024K)]
Total: 21

Threads with active compile tasks:
Total: 0

VM state: not at safepoint (normal execution)

VM Mutex/Monitor currently owned by a thread: None

Heap address: 0x0000000606000000, size: 8096 MB, Compressed Oops mode: Zero based, Oop shift amount: 3

CDS archive(s) not mapped
Compressed class space mapped at: 0x0000000800000000-0x0000000840000000, reserved size: 1073741824
Narrow klass base: 0x0000000800000000, Narrow klass shift: 0, Narrow klass range: 0x40000000

GC Precious Log:
 CardTable entry size: 512
 Card Set container configuration: InlinePtr #cards 4 size 8 Array Of Cards #cards 32 size 80 Howl #buckets 8 coarsen threshold 7372 Howl Bitmap #cards 1024 size 144 coarsen threshold 921 Card regions per heap region 1 cards per card region 8192
 CPUs: 16 total, 16 available
 Memory: 32381M
 Large Page Support: Disabled
 NUMA Support: Disabled
 Compressed Oops: Enabled (Zero based)
 Heap Region Size: 4M
 Heap Min Capacity: 8M
 Heap Initial Capacity: 508M
 Heap Max Capacity: 8096M
 Pre-touch: Disabled
 Parallel Workers: 13
 Concurrent Workers: 3
 Concurrent Refinement Workers: 13
 Periodic GC: Disabled

Heap:
 garbage-first heap   total 163840K, used 43484K [0x0000000606000000, 0x0000000800000000)
  region size 4096K, 4 young (16384K), 2 survivors (8192K)
 Metaspace       used 70630K, committed 71872K, reserved 1179648K
  class space    used 8178K, committed 8960K, reserved 1048576K

Heap Regions: E=young(eden), S=young(survivor), O=old, HS=humongous(starts), HC=humongous(continues), CS=collection set, F=free, TAMS=top-at-mark-start, PB=parsable bottom
|   0|0x0000000606000000, 0x0000000606400000, 0x0000000606400000|100%| O|  |TAMS 0x0000000606000000| PB 0x0000000606000000| Untracked 
|   1|0x0000000606400000, 0x00000006067fffe8, 0x0000000606800000| 99%| O|  |TAMS 0x0000000606400000| PB 0x0000000606400000| Untracked 
|   2|0x0000000606800000, 0x0000000606bfffe8, 0x0000000606c00000| 99%| O|  |TAMS 0x0000000606800000| PB 0x0000000606800000| Untracked 
|   3|0x0000000606c00000, 0x0000000606fffeb0, 0x0000000607000000| 99%| O|  |TAMS 0x0000000606c00000| PB 0x0000000606c00000| Untracked 
|   4|0x0000000607000000, 0x00000006073fffd8, 0x0000000607400000| 99%| O|  |TAMS 0x0000000607000000| PB 0x0000000607000000| Untracked 
|   5|0x0000000607400000, 0x0000000607800000, 0x0000000607800000|100%| O|  |TAMS 0x0000000607400000| PB 0x0000000607400000| Untracked 
|   6|0x0000000607800000, 0x0000000607982898, 0x0000000607c00000| 37%| O|  |TAMS 0x0000000607800000| PB 0x0000000607800000| Untracked 
|   7|0x0000000607c00000, 0x0000000607d3ab38, 0x0000000608000000| 30%| O|Cm|TAMS 0x0000000607c00000| PB 0x0000000607c00000| Complete 
|   8|0x0000000608000000, 0x000000060803e760, 0x0000000608400000|  6%| O|Cm|TAMS 0x0000000608000000| PB 0x0000000608000000| Complete 
|   9|0x0000000608400000, 0x000000060840af10, 0x0000000608800000|  1%| O|Cm|TAMS 0x0000000608400000| PB 0x0000000608400000| Complete 
|  10|0x0000000608800000, 0x0000000608860ee8, 0x0000000608c00000|  9%| O|Cm|TAMS 0x0000000608800000| PB 0x0000000608800000| Complete 
|  11|0x0000000608c00000, 0x0000000608ea7740, 0x0000000609000000| 66%| O|  |TAMS 0x0000000608c00000| PB 0x0000000608c00000| Untracked 
|  12|0x0000000609000000, 0x00000006092666a0, 0x0000000609400000| 60%| O|  |TAMS 0x0000000609000000| PB 0x0000000609000000| Untracked 
|  13|0x0000000609400000, 0x0000000609400000, 0x0000000609800000|  0%| F|  |TAMS 0x0000000609400000| PB 0x0000000609400000| Untracked 
|  14|0x0000000609800000, 0x0000000609800000, 0x0000000609c00000|  0%| F|  |TAMS 0x0000000609800000| PB 0x0000000609800000| Untracked 
|  15|0x0000000609c00000, 0x0000000609c00000, 0x000000060a000000|  0%| F|  |TAMS 0x0000000609c00000| PB 0x0000000609c00000| Untracked 
|  16|0x000000060a000000, 0x000000060a000000, 0x000000060a400000|  0%| F|  |TAMS 0x000000060a000000| PB 0x000000060a000000| Untracked 
|  17|0x000000060a400000, 0x000000060a400000, 0x000000060a800000|  0%| F|  |TAMS 0x000000060a400000| PB 0x000000060a400000| Untracked 
|  18|0x000000060a800000, 0x000000060a800000, 0x000000060ac00000|  0%| F|  |TAMS 0x000000060a800000| PB 0x000000060a800000| Untracked 
|  19|0x000000060ac00000, 0x000000060ac00000, 0x000000060b000000|  0%| F|  |TAMS 0x000000060ac00000| PB 0x000000060ac00000| Untracked 
|  20|0x000000060b000000, 0x000000060b000000, 0x000000060b400000|  0%| F|  |TAMS 0x000000060b000000| PB 0x000000060b000000| Untracked 
|  21|0x000000060b400000, 0x000000060b400000, 0x000000060b800000|  0%| F|  |TAMS 0x000000060b400000| PB 0x000000060b400000| Untracked 
|  22|0x000000060b800000, 0x000000060b800000, 0x000000060bc00000|  0%| F|  |TAMS 0x000000060b800000| PB 0x000000060b800000| Untracked 
|  23|0x000000060bc00000, 0x000000060bc00000, 0x000000060c000000|  0%| F|  |TAMS 0x000000060bc00000| PB 0x000000060bc00000| Untracked 
|  24|0x000000060c000000, 0x000000060c000000, 0x000000060c400000|  0%| F|  |TAMS 0x000000060c000000| PB 0x000000060c000000| Untracked 
|  25|0x000000060c400000, 0x000000060c400000, 0x000000060c800000|  0%| F|  |TAMS 0x000000060c400000| PB 0x000000060c400000| Untracked 
|  26|0x000000060c800000, 0x000000060c800000, 0x000000060cc00000|  0%| F|  |TAMS 0x000000060c800000| PB 0x000000060c800000| Untracked 
|  27|0x000000060cc00000, 0x000000060cc00000, 0x000000060d000000|  0%| F|  |TAMS 0x000000060cc00000| PB 0x000000060cc00000| Untracked 
|  28|0x000000060d000000, 0x000000060d201c98, 0x000000060d400000| 50%| S|CS|TAMS 0x000000060d000000| PB 0x000000060d000000| Complete 
|  29|0x000000060d400000, 0x000000060d800000, 0x000000060d800000|100%| S|CS|TAMS 0x000000060d400000| PB 0x000000060d400000| Complete 
|  30|0x000000060d800000, 0x000000060d800000, 0x000000060dc00000|  0%| F|  |TAMS 0x000000060d800000| PB 0x000000060d800000| Untracked 
|  31|0x000000060dc00000, 0x000000060dc00000, 0x000000060e000000|  0%| F|  |TAMS 0x000000060dc00000| PB 0x000000060dc00000| Untracked 
|  32|0x000000060e000000, 0x000000060e000000, 0x000000060e400000|  0%| F|  |TAMS 0x000000060e000000| PB 0x000000060e000000| Untracked 
|  33|0x000000060e400000, 0x000000060e400000, 0x000000060e800000|  0%| F|  |TAMS 0x000000060e400000| PB 0x000000060e400000| Untracked 
|  34|0x000000060e800000, 0x000000060e800000, 0x000000060ec00000|  0%| F|  |TAMS 0x000000060e800000| PB 0x000000060e800000| Untracked 
|  35|0x000000060ec00000, 0x000000060ec00000, 0x000000060f000000|  0%| F|  |TAMS 0x000000060ec00000| PB 0x000000060ec00000| Untracked 
|  36|0x000000060f000000, 0x000000060f000000, 0x000000060f400000|  0%| F|  |TAMS 0x000000060f000000| PB 0x000000060f000000| Untracked 
|  37|0x000000060f400000, 0x000000060f400000, 0x000000060f800000|  0%| F|  |TAMS 0x000000060f400000| PB 0x000000060f400000| Untracked 
|  38|0x000000060f800000, 0x000000060f869688, 0x000000060fc00000| 10%| E|  |TAMS 0x000000060f800000| PB 0x000000060f800000| Complete 
|  39|0x000000060fc00000, 0x0000000610000000, 0x0000000610000000|100%| E|CS|TAMS 0x000000060fc00000| PB 0x000000060fc00000| Complete 

Card table byte_map: [0x000002205eca0000,0x000002205fc70000] _byte_map_base: 0x000002205bc70000

Marking Bits: (CMBitMap*) 0x00000220563d6270
 Bits: [0x000002205fc70000, 0x0000022067af0000)

Polling page: 0x00000220563e0000

Metaspace:

Usage:
  Non-class:     60.99 MB used.
      Class:      7.99 MB used.
       Both:     68.98 MB used.

Virtual space:
  Non-class space:      128.00 MB reserved,      61.44 MB ( 48%) committed,  2 nodes.
      Class space:        1.00 GB reserved,       8.75 MB ( <1%) committed,  1 nodes.
             Both:        1.12 GB reserved,      70.19 MB (  6%) committed. 

Chunk freelists:
   Non-Class:  18.17 MB
       Class:  7.63 MB
        Both:  25.81 MB

MaxMetaspaceSize: unlimited
CompressedClassSpaceSize: 1.00 GB
Initial GC threshold: 21.00 MB
Current GC threshold: 121.56 MB
CDS: off
 - commit_granule_bytes: 65536.
 - commit_granule_words: 8192.
 - virtual_space_node_default_size: 8388608.
 - enlarge_chunks_in_place: 1.
 - use_allocation_guard: 0.


Internal statistics:

num_allocs_failed_limit: 3.
num_arena_births: 3912.
num_arena_deaths: 2888.
num_vsnodes_births: 3.
num_vsnodes_deaths: 0.
num_space_committed: 1270.
num_space_uncommitted: 103.
num_chunks_returned_to_freelist: 5571.
num_chunks_taken_from_freelist: 8911.
num_chunk_merges: 929.
num_chunk_splits: 3699.
num_chunks_enlarged: 2459.
num_inconsistent_stats: 0.

CodeCache: size=49152Kb used=28148Kb max_used=31804Kb free=21003Kb
 bounds [0x0000022059ed0000, 0x000002205c130000, 0x000002205ced0000]
 total_blobs=11422 nmethods=10728 adapters=614
 compilation: enabled
              stopped_count=0, restarted_count=0
 full_count=0

Compilation events (20 events):
Event: 11058.251 Thread 0x0000022071979ed0 nmethod 52192 0x000002205b125810 code [0x000002205b1259a0, 0x000002205b125a70]
Event: 11058.251 Thread 0x000002207197d550 52195       1       com.fasterxml.jackson.databind.ser.std.StdSerializer::handledType (5 bytes)
Event: 11058.251 Thread 0x000002206ace0240 nmethod 52193 0x000002205b125510 code [0x000002205b1256a0, 0x000002205b125778]
Event: 11058.251 Thread 0x000002207197dc20 52196       1       com.fasterxml.jackson.databind.cfg.ConfigOverrides::findFormatDefaults (74 bytes)
Event: 11058.251 Thread 0x000002207197d550 nmethod 52195 0x000002205b125210 code [0x000002205b1253a0, 0x000002205b125470]
Event: 11058.252 Thread 0x0000022071978390 nmethod 52194 0x000002205b124c10 code [0x000002205b124de0, 0x000002205b125030]
Event: 11058.252 Thread 0x000002207197dc20 nmethod 52196 0x000002205b124490 code [0x000002205b124680, 0x000002205b124a20]
Event: 11058.253 Thread 0x0000022071979130 nmethod 52167 0x000002205b11f210 code [0x000002205b11f880, 0x000002205b121c68]
Event: 11058.258 Thread 0x000002207197a5a0 52198       1       org.apache.ibatis.executor.result.DefaultResultContext::getResultCount (5 bytes)
Event: 11058.258 Thread 0x000002207197e2f0 52197       1       org.apache.ibatis.executor.result.DefaultResultContext::isStopped (5 bytes)
Event: 11058.258 Thread 0x000002207197a5a0 nmethod 52198 0x000002205b11ef10 code [0x000002205b11f0a0, 0x000002205b11f168]
Event: 11058.258 Thread 0x000002207197e2f0 nmethod 52197 0x000002205b11ea10 code [0x000002205b11eba0, 0x000002205b11ec70]
Event: 11058.259 Thread 0x00000220719775f0 52199       1       org.springframework.http.converter.AbstractGenericHttpMessageConverter::write (71 bytes)
Event: 11058.259 Thread 0x000002207197d550 52200       1       com.fasterxml.jackson.databind.JavaType::isJavaLangObject (15 bytes)
Event: 11058.259 Thread 0x00000220719775f0 nmethod 52199 0x000002205b665f90 code [0x000002205b6661c0, 0x000002205b6665f0]
Event: 11058.259 Thread 0x000002207197d550 nmethod 52200 0x000002205b665c90 code [0x000002205b665e20, 0x000002205b665f08]
Event: 11058.259 Thread 0x000002207197e2f0 52201       1       com.fasterxml.jackson.databind.ObjectWriter::_new (33 bytes)
Event: 11058.259 Thread 0x000002206ace0240 52202   !   1       com.fasterxml.jackson.databind.ObjectWriter::writeValue (121 bytes)
Event: 11058.260 Thread 0x000002207197e2f0 nmethod 52201 0x000002205b665890 code [0x000002205b665a40, 0x000002205b665c00]
Event: 11058.262 Thread 0x000002206ace0240 nmethod 52202 0x000002205b663d90 code [0x000002205b6640c0, 0x000002205b664df8]

GC Heap History (20 events):
Event: 10662.362 GC heap before
{Heap before GC invocations=199 (full 34):
 garbage-first heap   total 139264K, used 84907K [0x0000000606000000, 0x0000000800000000)
  region size 4096K, 15 young (61440K), 2 survivors (8192K)
 Metaspace       used 68992K, committed 71360K, reserved 1179648K
  class space    used 8015K, committed 8960K, reserved 1048576K
}
Event: 10662.424 GC heap after
{Heap after GC invocations=200 (full 35):
 garbage-first heap   total 110592K, used 30664K [0x0000000606000000, 0x0000000800000000)
  region size 4096K, 0 young (0K), 0 survivors (0K)
 Metaspace       used 68742K, committed 71360K, reserved 1179648K
  class space    used 8009K, committed 8960K, reserved 1048576K
}
Event: 10662.889 GC heap before
{Heap before GC invocations=200 (full 35):
 garbage-first heap   total 110592K, used 75720K [0x0000000606000000, 0x0000000800000000)
  region size 4096K, 13 young (53248K), 0 survivors (0K)
 Metaspace       used 69094K, committed 71360K, reserved 1179648K
  class space    used 8052K, committed 8960K, reserved 1048576K
}
Event: 10662.891 GC heap after
{Heap after GC invocations=201 (full 35):
 garbage-first heap   total 110592K, used 34457K [0x0000000606000000, 0x0000000800000000)
  region size 4096K, 1 young (4096K), 1 survivors (4096K)
 Metaspace       used 69094K, committed 71360K, reserved 1179648K
  class space    used 8052K, committed 8960K, reserved 1048576K
}
Event: 10663.175 GC heap before
{Heap before GC invocations=202 (full 35):
 garbage-first heap   total 110592K, used 87705K [0x0000000606000000, 0x0000000800000000)
  region size 4096K, 15 young (61440K), 1 survivors (4096K)
 Metaspace       used 69032K, committed 71360K, reserved 1179648K
  class space    used 8028K, committed 8960K, reserved 1048576K
}
Event: 10663.178 GC heap after
{Heap after GC invocations=203 (full 35):
 garbage-first heap   total 110592K, used 35248K [0x0000000606000000, 0x0000000800000000)
  region size 4096K, 2 young (8192K), 2 survivors (8192K)
 Metaspace       used 69032K, committed 71360K, reserved 1179648K
  class space    used 8028K, committed 8960K, reserved 1048576K
}
Event: 10770.557 GC heap before
{Heap before GC invocations=203 (full 35):
 garbage-first heap   total 110592K, used 80304K [0x0000000606000000, 0x0000000800000000)
  region size 4096K, 14 young (57344K), 2 survivors (8192K)
 Metaspace       used 69246K, committed 71360K, reserved 1179648K
  class space    used 8040K, committed 8960K, reserved 1048576K
}
Event: 10770.612 GC heap after
{Heap after GC invocations=204 (full 36):
 garbage-first heap   total 110592K, used 30110K [0x0000000606000000, 0x0000000800000000)
  region size 4096K, 0 young (0K), 0 survivors (0K)
 Metaspace       used 69235K, committed 71360K, reserved 1179648K
  class space    used 8037K, committed 8960K, reserved 1048576K
}
Event: 10771.102 GC heap before
{Heap before GC invocations=204 (full 36):
 garbage-first heap   total 110592K, used 79262K [0x0000000606000000, 0x0000000800000000)
  region size 4096K, 13 young (53248K), 0 survivors (0K)
 Metaspace       used 69577K, committed 71360K, reserved 1179648K
  class space    used 8078K, committed 8960K, reserved 1048576K
}
Event: 10771.104 GC heap after
{Heap after GC invocations=205 (full 36):
 garbage-first heap   total 110592K, used 33455K [0x0000000606000000, 0x0000000800000000)
  region size 4096K, 1 young (4096K), 1 survivors (4096K)
 Metaspace       used 69577K, committed 71360K, reserved 1179648K
  class space    used 8078K, committed 8960K, reserved 1048576K
}
Event: 10771.395 GC heap before
{Heap before GC invocations=206 (full 36):
 garbage-first heap   total 110592K, used 86703K [0x0000000606000000, 0x0000000800000000)
  region size 4096K, 15 young (61440K), 1 survivors (4096K)
 Metaspace       used 69627K, committed 71360K, reserved 1179648K
  class space    used 8082K, committed 8960K, reserved 1048576K
}
Event: 10771.398 GC heap after
{Heap after GC invocations=207 (full 36):
 garbage-first heap   total 315392K, used 34366K [0x0000000606000000, 0x0000000800000000)
  region size 4096K, 2 young (8192K), 2 survivors (8192K)
 Metaspace       used 69627K, committed 71360K, reserved 1179648K
  class space    used 8082K, committed 8960K, reserved 1048576K
}
Event: 11000.581 GC heap before
{Heap before GC invocations=207 (full 36):
 garbage-first heap   total 315392K, used 103998K [0x0000000606000000, 0x0000000800000000)
  region size 4096K, 20 young (81920K), 2 survivors (8192K)
 Metaspace       used 69839K, committed 71360K, reserved 1179648K
  class space    used 8104K, committed 8960K, reserved 1048576K
}
Event: 11000.629 GC heap after
{Heap after GC invocations=208 (full 37):
 garbage-first heap   total 163840K, used 30779K [0x0000000606000000, 0x0000000800000000)
  region size 4096K, 0 young (0K), 0 survivors (0K)
 Metaspace       used 69836K, committed 71360K, reserved 1179648K
  class space    used 8103K, committed 8960K, reserved 1048576K
}
Event: 11001.278 GC heap before
{Heap before GC invocations=208 (full 37):
 garbage-first heap   total 163840K, used 120891K [0x0000000606000000, 0x0000000800000000)
  region size 4096K, 23 young (94208K), 0 survivors (0K)
 Metaspace       used 70227K, committed 71424K, reserved 1179648K
  class space    used 8148K, committed 8960K, reserved 1048576K
}
Event: 11001.281 GC heap after
{Heap after GC invocations=209 (full 37):
 garbage-first heap   total 163840K, used 34614K [0x0000000606000000, 0x0000000800000000)
  region size 4096K, 1 young (4096K), 1 survivors (4096K)
 Metaspace       used 70227K, committed 71424K, reserved 1179648K
  class space    used 8148K, committed 8960K, reserved 1048576K
}
Event: 11057.378 GC heap before
{Heap before GC invocations=210 (full 37):
 garbage-first heap   total 163840K, used 104246K [0x0000000606000000, 0x0000000800000000)
  region size 4096K, 20 young (81920K), 1 survivors (4096K)
 Metaspace       used 70440K, committed 71616K, reserved 1179648K
  class space    used 8169K, committed 8960K, reserved 1048576K
}
Event: 11057.381 GC heap after
{Heap after GC invocations=211 (full 37):
 garbage-first heap   total 163840K, used 39504K [0x0000000606000000, 0x0000000800000000)
  region size 4096K, 3 young (12288K), 3 survivors (12288K)
 Metaspace       used 70440K, committed 71616K, reserved 1179648K
  class space    used 8169K, committed 8960K, reserved 1048576K
}
Event: 11058.241 GC heap before
{Heap before GC invocations=212 (full 37):
 garbage-first heap   total 163840K, used 72272K [0x0000000606000000, 0x0000000800000000)
  region size 4096K, 13 young (53248K), 3 survivors (12288K)
 Metaspace       used 70570K, committed 71808K, reserved 1179648K
  class space    used 8177K, committed 8960K, reserved 1048576K
}
Event: 11058.243 GC heap after
{Heap after GC invocations=213 (full 37):
 garbage-first heap   total 163840K, used 39388K [0x0000000606000000, 0x0000000800000000)
  region size 4096K, 2 young (8192K), 2 survivors (8192K)
 Metaspace       used 70570K, committed 71808K, reserved 1179648K
  class space    used 8177K, committed 8960K, reserved 1048576K
}

Dll operation events (12 events):
Event: 0.013 Loaded shared library C:\spring-tool-suite-4-4.24\contents\sts-4.24.0.RELEASE\plugins\org.eclipse.justj.openjdk.hotspot.jre.full.win32.x86_64_21.0.3.v20240426-1530\jre\bin\java.dll
Event: 0.017 Loaded shared library C:\spring-tool-suite-4-4.24\contents\sts-4.24.0.RELEASE\plugins\org.eclipse.justj.openjdk.hotspot.jre.full.win32.x86_64_21.0.3.v20240426-1530\jre\bin\zip.dll
Event: 0.300 Loaded shared library C:\spring-tool-suite-4-4.24\contents\sts-4.24.0.RELEASE\plugins\org.eclipse.justj.openjdk.hotspot.jre.full.win32.x86_64_21.0.3.v20240426-1530\jre\bin\instrument.dll
Event: 0.310 Loaded shared library C:\spring-tool-suite-4-4.24\contents\sts-4.24.0.RELEASE\plugins\org.eclipse.justj.openjdk.hotspot.jre.full.win32.x86_64_21.0.3.v20240426-1530\jre\bin\net.dll
Event: 0.312 Loaded shared library C:\spring-tool-suite-4-4.24\contents\sts-4.24.0.RELEASE\plugins\org.eclipse.justj.openjdk.hotspot.jre.full.win32.x86_64_21.0.3.v20240426-1530\jre\bin\nio.dll
Event: 0.318 Loaded shared library C:\spring-tool-suite-4-4.24\contents\sts-4.24.0.RELEASE\plugins\org.eclipse.justj.openjdk.hotspot.jre.full.win32.x86_64_21.0.3.v20240426-1530\jre\bin\zip.dll
Event: 0.473 Loaded shared library C:\spring-tool-suite-4-4.24\contents\sts-4.24.0.RELEASE\plugins\org.eclipse.justj.openjdk.hotspot.jre.full.win32.x86_64_21.0.3.v20240426-1530\jre\bin\jimage.dll
Event: 0.508 Loaded shared library C:\spring-tool-suite-4-4.24\contents\sts-4.24.0.RELEASE\plugins\org.eclipse.justj.openjdk.hotspot.jre.full.win32.x86_64_21.0.3.v20240426-1530\jre\bin\management.dll
Event: 0.517 Loaded shared library C:\spring-tool-suite-4-4.24\contents\sts-4.24.0.RELEASE\plugins\org.eclipse.justj.openjdk.hotspot.jre.full.win32.x86_64_21.0.3.v20240426-1530\jre\bin\management_ext.dll
Event: 0.665 Loaded shared library C:\spring-tool-suite-4-4.24\contents\sts-4.24.0.RELEASE\plugins\org.eclipse.justj.openjdk.hotspot.jre.full.win32.x86_64_21.0.3.v20240426-1530\jre\bin\extnet.dll
Event: 0.683 Loaded shared library C:\spring-tool-suite-4-4.24\contents\sts-4.24.0.RELEASE\plugins\org.eclipse.justj.openjdk.hotspot.jre.full.win32.x86_64_21.0.3.v20240426-1530\jre\bin\verify.dll
Event: 2.564 Loaded shared library C:\spring-tool-suite-4-4.24\contents\sts-4.24.0.RELEASE\plugins\org.eclipse.justj.openjdk.hotspot.jre.full.win32.x86_64_21.0.3.v20240426-1530\jre\bin\sunmscapi.dll

Deoptimization events (20 events):
Event: 11057.853 Thread 0x000002207274aac0 DEOPT PACKING pc=0x000002205acaa804 sp=0x00000078552f9570
Event: 11057.853 Thread 0x000002207274aac0 DEOPT UNPACKING pc=0x0000022059f24e42 sp=0x00000078552f89f0 mode 1
Event: 11057.889 Thread 0x000002207274aac0 DEOPT PACKING pc=0x000002205b9e24f4 sp=0x00000078552f9580
Event: 11057.889 Thread 0x000002207274aac0 DEOPT UNPACKING pc=0x0000022059f24e42 sp=0x00000078552f8b80 mode 1
Event: 11058.093 Thread 0x000002207274aac0 DEOPT PACKING pc=0x000002205b9e24f4 sp=0x00000078552f9580
Event: 11058.093 Thread 0x000002207274aac0 DEOPT UNPACKING pc=0x0000022059f24e42 sp=0x00000078552f8b80 mode 1
Event: 11058.240 Thread 0x0000022071ba7230 DEOPT PACKING pc=0x000002205a91dfec sp=0x0000007855bf8c30
Event: 11058.240 Thread 0x0000022071ba7230 DEOPT UNPACKING pc=0x0000022059f24e42 sp=0x0000007855bf8168 mode 1
Event: 11058.240 Thread 0x0000022071ba7230 DEOPT PACKING pc=0x000002205a91f054 sp=0x0000007855bf8d20
Event: 11058.240 Thread 0x0000022071ba7230 DEOPT UNPACKING pc=0x0000022059f24e42 sp=0x0000007855bf82c8 mode 1
Event: 11058.240 Thread 0x0000022071ba7230 DEOPT PACKING pc=0x000002205a92152c sp=0x0000007855bf8e80
Event: 11058.240 Thread 0x0000022071ba7230 DEOPT UNPACKING pc=0x0000022059f24e42 sp=0x0000007855bf8440 mode 1
Event: 11058.244 Thread 0x000002207274ec60 DEOPT PACKING pc=0x000002205a91dfec sp=0x00000078556f8dd0
Event: 11058.244 Thread 0x000002207274ec60 DEOPT UNPACKING pc=0x0000022059f24e42 sp=0x00000078556f8308 mode 1
Event: 11058.245 Thread 0x000002207274ec60 DEOPT PACKING pc=0x000002205a91f054 sp=0x00000078556f8ec0
Event: 11058.245 Thread 0x000002207274ec60 DEOPT UNPACKING pc=0x0000022059f24e42 sp=0x00000078556f8468 mode 1
Event: 11058.245 Thread 0x000002207274ec60 DEOPT PACKING pc=0x000002205a92152c sp=0x00000078556f9020
Event: 11058.245 Thread 0x000002207274ec60 DEOPT UNPACKING pc=0x0000022059f24e42 sp=0x00000078556f85e0 mode 1
Event: 11077.817 Thread 0x000002207175f240 DEOPT PACKING pc=0x000002205b12dfb4 sp=0x0000007856afec40
Event: 11077.817 Thread 0x000002207175f240 DEOPT UNPACKING pc=0x0000022059f24e42 sp=0x0000007856afe0e8 mode 0

Classes loaded (20 events):
Event: 10425.222 Loading class java/lang/ObjectCustomizer
Event: 10425.222 Loading class java/lang/ObjectCustomizer done
Event: 10663.327 Loading class java/time/DurationEditor
Event: 10663.327 Loading class java/time/DurationEditor done
Event: 10771.565 Loading class java/time/DurationEditor
Event: 10771.565 Loading class java/time/DurationEditor done
Event: 10949.739 Loading class java/lang/ObjectCustomizer
Event: 10949.739 Loading class java/lang/ObjectCustomizer done
Event: 10949.740 Loading class java/lang/ObjectCustomizer
Event: 10949.740 Loading class java/lang/ObjectCustomizer done
Event: 11001.505 Loading class java/time/DurationEditor
Event: 11001.505 Loading class java/time/DurationEditor done
Event: 11057.107 Loading class java/lang/ObjectBeanInfo
Event: 11057.107 Loading class java/lang/ObjectBeanInfo done
Event: 11057.108 Loading class java/lang/ObjectBeanInfo
Event: 11057.108 Loading class java/lang/ObjectBeanInfo done
Event: 11057.109 Loading class java/lang/ObjectCustomizer
Event: 11057.109 Loading class java/lang/ObjectCustomizer done
Event: 11057.109 Loading class java/lang/ObjectCustomizer
Event: 11057.109 Loading class java/lang/ObjectCustomizer done

Classes unloaded (20 events):
Event: 11001.292 Thread 0x000002206abff4d0 Unloading class 0x000000080021b800 'java/lang/invoke/LambdaForm$MH+0x000000080021b800'
Event: 11001.292 Thread 0x000002206abff4d0 Unloading class 0x00000008001c4800 'java/lang/invoke/LambdaForm$MH+0x00000008001c4800'
Event: 11001.292 Thread 0x000002206abff4d0 Unloading class 0x0000000800864800 'java/lang/invoke/LambdaForm$MH+0x0000000800864800'
Event: 11001.292 Thread 0x000002206abff4d0 Unloading class 0x0000000800697000 'java/lang/invoke/LambdaForm$MH+0x0000000800697000'
Event: 11001.292 Thread 0x000002206abff4d0 Unloading class 0x0000000800775c00 'java/lang/invoke/LambdaForm$MH+0x0000000800775c00'
Event: 11001.292 Thread 0x000002206abff4d0 Unloading class 0x00000008008ad400 'java/lang/invoke/LambdaForm$MH+0x00000008008ad400'
Event: 11001.292 Thread 0x000002206abff4d0 Unloading class 0x00000008008ab400 'java/lang/invoke/LambdaForm$MH+0x00000008008ab400'
Event: 11001.292 Thread 0x000002206abff4d0 Unloading class 0x00000008008a8000 'java/lang/invoke/LambdaForm$MH+0x00000008008a8000'
Event: 11001.292 Thread 0x000002206abff4d0 Unloading class 0x00000008008a5000 'java/lang/invoke/LambdaForm$MH+0x00000008008a5000'
Event: 11001.292 Thread 0x000002206abff4d0 Unloading class 0x0000000800894400 'java/lang/invoke/LambdaForm$MH+0x0000000800894400'
Event: 11001.292 Thread 0x000002206abff4d0 Unloading class 0x0000000800639800 'jdk/internal/reflect/GeneratedSerializationConstructorAccessor101'
Event: 11001.292 Thread 0x000002206abff4d0 Unloading class 0x0000000800600400 'jdk/internal/reflect/GeneratedSerializationConstructorAccessor100'
Event: 11001.292 Thread 0x000002206abff4d0 Unloading class 0x000000080085e800 'jdk/internal/reflect/GeneratedSerializationConstructorAccessor99'
Event: 11001.292 Thread 0x000002206abff4d0 Unloading class 0x000000080014ac00 'java/lang/invoke/LambdaForm$MH+0x000000080014ac00'
Event: 11001.292 Thread 0x000002206abff4d0 Unloading class 0x0000000800880800 'jdk/internal/reflect/GeneratedSerializationConstructorAccessor98'
Event: 11001.292 Thread 0x000002206abff4d0 Unloading class 0x000000080083ec00 'java/lang/invoke/LambdaForm$MH+0x000000080083ec00'
Event: 11001.292 Thread 0x000002206abff4d0 Unloading class 0x0000000800823400 'java/lang/invoke/LambdaForm$MH+0x0000000800823400'
Event: 11001.292 Thread 0x000002206abff4d0 Unloading class 0x00000008008abc00 'java/lang/invoke/LambdaForm$MH+0x00000008008abc00'
Event: 11001.292 Thread 0x000002206abff4d0 Unloading class 0x000000080086cc00 'java/lang/invoke/LambdaForm$BMH+0x000000080086cc00'
Event: 11001.292 Thread 0x000002206abff4d0 Unloading class 0x0000000800881800 'java/lang/invoke/LambdaForm$BMH+0x0000000800881800'

Classes redefined (20 events):
Event: 9792.059 Thread 0x000002206abff4d0 redefined class name=com.framework.chk.controller.ChkScheduler, count=5
Event: 9792.059 Thread 0x000002206abff4d0 redefined class name=com.framework.chk.controller.ChkScheduler, count=7
Event: 9792.059 Thread 0x000002206abff4d0 redefined class name=com.framework.chk.controller.ChkScheduler, count=9
Event: 9792.059 Thread 0x000002206abff4d0 redefined class name=com.framework.chk.controller.ChkScheduler, count=2
Event: 10769.373 Thread 0x000002206abff4d0 redefined class name=com.framework.chk.controller.ChkScheduler, count=1
Event: 10769.373 Thread 0x000002206abff4d0 redefined class name=com.framework.chk.controller.ChkScheduler$1, count=14
Event: 10769.373 Thread 0x000002206abff4d0 redefined class name=com.framework.chk.controller.ChkScheduler, count=14
Event: 10769.373 Thread 0x000002206abff4d0 redefined class name=com.framework.chk.controller.ChkScheduler, count=1
Event: 10769.373 Thread 0x000002206abff4d0 redefined class name=com.framework.chk.controller.ChkScheduler, count=15
Event: 10769.373 Thread 0x000002206abff4d0 redefined class name=com.framework.chk.controller.ChkScheduler, count=1
Event: 10769.373 Thread 0x000002206abff4d0 redefined class name=com.framework.chk.controller.ChkScheduler, count=1
Event: 11077.845 Thread 0x000002206abff4d0 redefined class name=com.framework.chk.controller.ChkScheduler, count=2
Event: 11077.845 Thread 0x000002206abff4d0 redefined class name=com.framework.chk.controller.ChkScheduler, count=1
Event: 11077.845 Thread 0x000002206abff4d0 redefined class name=com.framework.chk.controller.ChkScheduler$1, count=15
Event: 11077.845 Thread 0x000002206abff4d0 redefined class name=com.framework.chk.controller.ChkScheduler, count=1
Event: 11077.845 Thread 0x000002206abff4d0 redefined class name=com.framework.chk.controller.ChkScheduler, count=15
Event: 11077.845 Thread 0x000002206abff4d0 redefined class name=com.framework.chk.controller.ChkScheduler, count=2
Event: 11077.845 Thread 0x000002206abff4d0 redefined class name=com.framework.chk.controller.ChkScheduler, count=16
Event: 11077.845 Thread 0x000002206abff4d0 redefined class name=com.framework.chk.controller.ChkScheduler, count=2
Event: 11077.845 Thread 0x000002206abff4d0 redefined class name=com.framework.chk.controller.ChkScheduler, count=2

Internal exceptions (20 events):
Event: 11057.105 Thread 0x000002207274aac0 Exception <a 'java/lang/ClassNotFoundException'{0x000000060c2eea58}: javax/servlet/jsp/tagext/BodyTagSupportBeanInfo> (0x000000060c2eea58) 
thrown [s\src\hotspot\share\classfile\systemDictionary.cpp, line 312]
Event: 11057.107 Thread 0x000002207274aac0 Exception <a 'java/lang/ClassNotFoundException'{0x000000060c2f6f20}: javax/servlet/jsp/tagext/TagSupportBeanInfo> (0x000000060c2f6f20) 
thrown [s\src\hotspot\share\classfile\systemDictionary.cpp, line 312]
Event: 11057.108 Thread 0x000002207274aac0 Exception <a 'java/lang/ClassNotFoundException'{0x000000060c2fb658}: java/lang/ObjectBeanInfo> (0x000000060c2fb658) 
thrown [s\src\hotspot\share\classfile\systemDictionary.cpp, line 312]
Event: 11057.109 Thread 0x000002207274aac0 Exception <a 'java/lang/ClassNotFoundException'{0x000000060c2ffe20}: java/lang/ObjectCustomizer> (0x000000060c2ffe20) 
thrown [s\src\hotspot\share\classfile\systemDictionary.cpp, line 312]
Event: 11057.112 Thread 0x000002207274aac0 Exception <a 'java/lang/ClassNotFoundException'{0x000000060c30c5e8}: javax/servlet/jsp/tagext/TagSupportCustomizer> (0x000000060c30c5e8) 
thrown [s\src\hotspot\share\classfile\systemDictionary.cpp, line 312]
Event: 11057.115 Thread 0x000002207274aac0 Exception <a 'java/lang/ClassNotFoundException'{0x000000060c31f9b0}: javax/servlet/jsp/tagext/BodyTagSupportCustomizer> (0x000000060c31f9b0) 
thrown [s\src\hotspot\share\classfile\systemDictionary.cpp, line 312]
Event: 11057.116 Thread 0x000002207274aac0 Exception <a 'java/lang/ClassNotFoundException'{0x000000060c3311d8}: org/apache/taglibs/standard/tag/common/core/ImportSupportCustomizer> (0x000000060c3311d8) 
thrown [s\src\hotspot\share\classfile\systemDictionary.cpp, line 312]
Event: 11057.118 Thread 0x000002207274aac0 Exception <a 'java/lang/ClassNotFoundException'{0x000000060c343938}: org/apache/taglibs/standard/tag/rt/core/ImportTagCustomizer> (0x000000060c343938) 
thrown [s\src\hotspot\share\classfile\systemDictionary.cpp, line 312]
Event: 11057.123 Thread 0x000002207274aac0 Exception <a 'java/lang/ClassNotFoundException'{0x000000060c383980}: org/apache/taglibs/standard/tag/rt/core/UrlTagBeanInfo> (0x000000060c383980) 
thrown [s\src\hotspot\share\classfile\systemDictionary.cpp, line 312]
Event: 11057.125 Thread 0x000002207274aac0 Exception <a 'java/lang/ClassNotFoundException'{0x000000060c38c438}: org/apache/taglibs/standard/tag/common/core/UrlSupportBeanInfo> (0x000000060c38c438) 
thrown [s\src\hotspot\share\classfile\systemDictionary.cpp, line 312]
Event: 11057.126 Thread 0x000002207274aac0 Exception <a 'java/lang/ClassNotFoundException'{0x000000060c394b38}: org/apache/taglibs/standard/tag/common/core/UrlSupportCustomizer> (0x000000060c394b38) 
thrown [s\src\hotspot\share\classfile\systemDictionary.cpp, line 312]
Event: 11057.128 Thread 0x000002207274aac0 Exception <a 'java/lang/ClassNotFoundException'{0x000000060c3a4ca8}: org/apache/taglibs/standard/tag/rt/core/UrlTagCustomizer> (0x000000060c3a4ca8) 
thrown [s\src\hotspot\share\classfile\systemDictionary.cpp, line 312]
Event: 11057.171 Thread 0x000002207274aac0 Exception <a 'java/lang/ArrayIndexOutOfBoundsException'{0x000000060bd41d40}: Index 89158 out of bounds for length 89158> (0x000000060bd41d40) 
thrown [s\src\hotspot\share\interpreter\interpreterRuntime.cpp, line 439]
Event: 11057.578 Thread 0x000002207274aac0 Exception <a 'java/lang/ArrayIndexOutOfBoundsException'{0x000000060f9d2500}> (0x000000060f9d2500) 
thrown [s\src\hotspot\share\runtime\sharedRuntime.cpp, line 625]
Event: 11057.849 Thread 0x000002207274aac0 Exception <a 'java/lang/ClassNotFoundException'{0x000000060ed171e8}: org/apache/taglibs/standard/tag/rt/core/IfTagBeanInfo> (0x000000060ed171e8) 
thrown [s\src\hotspot\share\classfile\systemDictionary.cpp, line 312]
Event: 11057.850 Thread 0x000002207274aac0 Exception <a 'java/lang/ClassNotFoundException'{0x000000060ed20d90}: javax/servlet/jsp/jstl/core/ConditionalTagSupportBeanInfo> (0x000000060ed20d90) 
thrown [s\src\hotspot\share\classfile\systemDictionary.cpp, line 312]
Event: 11057.851 Thread 0x000002207274aac0 Exception <a 'java/lang/ClassNotFoundException'{0x000000060ed2aa08}: javax/servlet/jsp/jstl/core/ConditionalTagSupportCustomizer> (0x000000060ed2aa08) 
thrown [s\src\hotspot\share\classfile\systemDictionary.cpp, line 312]
Event: 11057.853 Thread 0x000002207274aac0 Exception <a 'java/lang/ClassNotFoundException'{0x000000060ed3a348}: org/apache/taglibs/standard/tag/rt/core/IfTagCustomizer> (0x000000060ed3a348) 
thrown [s\src\hotspot\share\classfile\systemDictionary.cpp, line 312]
Event: 11057.889 Thread 0x000002207274aac0 Exception <a 'java/lang/ArrayIndexOutOfBoundsException'{0x000000060edeffe8}> (0x000000060edeffe8) 
thrown [s\src\hotspot\share\runtime\sharedRuntime.cpp, line 625]
Event: 11058.093 Thread 0x000002207274aac0 Exception <a 'java/lang/ArrayIndexOutOfBoundsException'{0x000000060e133ee0}> (0x000000060e133ee0) 
thrown [s\src\hotspot\share\runtime\sharedRuntime.cpp, line 625]

ZGC Phase Switch (0 events):
No events

VM Operations (20 events):
Event: 11077.835 Executing VM operation: RedefineClasses
Event: 11077.861 Executing VM operation: RedefineClasses done
Event: 11077.878 Executing VM operation: ChangeBreakpoints
Event: 11077.881 Executing VM operation: ChangeBreakpoints done
Event: 11077.884 Executing VM operation: ChangeBreakpoints
Event: 11077.887 Executing VM operation: ChangeBreakpoints done
Event: 11077.889 Executing VM operation: ChangeBreakpoints
Event: 11077.892 Executing VM operation: ChangeBreakpoints done
Event: 11077.895 Executing VM operation: ChangeBreakpoints
Event: 11077.897 Executing VM operation: ChangeBreakpoints done
Event: 11077.900 Executing VM operation: ChangeBreakpoints
Event: 11077.903 Executing VM operation: ChangeBreakpoints done
Event: 11077.905 Executing VM operation: ChangeBreakpoints
Event: 11077.908 Executing VM operation: ChangeBreakpoints done
Event: 11077.910 Executing VM operation: ChangeBreakpoints
Event: 11077.913 Executing VM operation: ChangeBreakpoints done
Event: 11077.915 Executing VM operation: ChangeBreakpoints
Event: 11077.918 Executing VM operation: ChangeBreakpoints done
Event: 11077.919 Executing VM operation: ChangeSingleStep
Event: 11077.919 Executing VM operation: ChangeSingleStep done

Events (20 events):
Event: 11058.271 Thread 0x000002206abff4d0 flushing nmethod 0x000002205a055390
Event: 11058.271 Thread 0x000002206abff4d0 flushing nmethod 0x000002205a055090
Event: 11058.271 Thread 0x000002206abff4d0 flushing nmethod 0x000002205a054910
Event: 11058.271 Thread 0x000002206abff4d0 flushing nmethod 0x000002205a054510
Event: 11058.271 Thread 0x000002206abff4d0 flushing nmethod 0x000002205a054190
Event: 11058.271 Thread 0x000002206abff4d0 flushing nmethod 0x000002205a066a10
Event: 11058.271 Thread 0x000002206abff4d0 flushing nmethod 0x000002205a064b90
Event: 11058.271 Thread 0x000002206abff4d0 flushing nmethod 0x000002205a061390
Event: 11058.271 Thread 0x000002206abff4d0 flushing nmethod 0x000002205a061090
Event: 11058.271 Thread 0x000002206abff4d0 flushing nmethod 0x0000022059ff3790
Event: 11058.271 Thread 0x000002206abff4d0 flushing nmethod 0x0000022059ff3390
Event: 11058.271 Thread 0x000002206abff4d0 flushing nmethod 0x0000022059ff3090
Event: 11060.661 Thread 0x0000022071763a70 Thread added: 0x0000022071763a70
Event: 11063.260 Thread 0x000002207197e9c0 Thread exited: 0x000002207197e9c0
Event: 11068.261 Thread 0x000002207197e2f0 Thread exited: 0x000002207197e2f0
Event: 11068.261 Thread 0x000002207197dc20 Thread exited: 0x000002207197dc20
Event: 11068.261 Thread 0x000002207197d550 Thread exited: 0x000002207197d550
Event: 11068.261 Thread 0x0000022071979130 Thread exited: 0x0000022071979130
Event: 11070.670 Thread 0x0000022071764e20 Thread added: 0x0000022071764e20
Event: 11073.269 Thread 0x00000220719775f0 Thread exited: 0x00000220719775f0


Dynamic libraries:
0x00007ff64c7f0000 - 0x00007ff64c7fe000 	C:\spring-tool-suite-4-4.24\contents\sts-4.24.0.RELEASE\plugins\org.eclipse.justj.openjdk.hotspot.jre.full.win32.x86_64_21.0.3.v20240426-1530\jre\bin\javaw.exe
0x00007ffb693a0000 - 0x00007ffb69600000 	C:\WINDOWS\SYSTEM32\ntdll.dll
0x00007ffb672d0000 - 0x00007ffb67397000 	C:\WINDOWS\System32\KERNEL32.DLL
0x00007ffb66830000 - 0x00007ffb66bfa000 	C:\WINDOWS\System32\KERNELBASE.dll
0x00007ffb66640000 - 0x00007ffb6678b000 	C:\WINDOWS\System32\ucrtbase.dll
0x00007ffb54660000 - 0x00007ffb54678000 	C:\spring-tool-suite-4-4.24\contents\sts-4.24.0.RELEASE\plugins\org.eclipse.justj.openjdk.hotspot.jre.full.win32.x86_64_21.0.3.v20240426-1530\jre\bin\jli.dll
0x00007ffb420c0000 - 0x00007ffb420db000 	C:\spring-tool-suite-4-4.24\contents\sts-4.24.0.RELEASE\plugins\org.eclipse.justj.openjdk.hotspot.jre.full.win32.x86_64_21.0.3.v20240426-1530\jre\bin\VCRUNTIME140.dll
0x00007ffb67500000 - 0x00007ffb676cc000 	C:\WINDOWS\System32\USER32.dll
0x00007ffb66cb0000 - 0x00007ffb66cd7000 	C:\WINDOWS\System32\win32u.dll
0x00007ffb686a0000 - 0x00007ffb686ca000 	C:\WINDOWS\System32\GDI32.dll
0x00007ffb66ce0000 - 0x00007ffb66e11000 	C:\WINDOWS\System32\gdi32full.dll
0x00007ffb66c00000 - 0x00007ffb66ca3000 	C:\WINDOWS\System32\msvcp_win.dll
0x00007ffb4b8e0000 - 0x00007ffb4bb77000 	C:\WINDOWS\WinSxS\amd64_microsoft.windows.common-controls_6595b64144ccf1df_6.0.26100.3624_none_3e086962e3345f24\COMCTL32.dll
0x00007ffb692b0000 - 0x00007ffb69359000 	C:\WINDOWS\System32\msvcrt.dll
0x00007ffb68830000 - 0x00007ffb6885f000 	C:\WINDOWS\System32\IMM32.DLL
0x00007ffb59cb0000 - 0x00007ffb59cbc000 	C:\spring-tool-suite-4-4.24\contents\sts-4.24.0.RELEASE\plugins\org.eclipse.justj.openjdk.hotspot.jre.full.win32.x86_64_21.0.3.v20240426-1530\jre\bin\vcruntime140_1.dll
0x00007ffb2dae0000 - 0x00007ffb2db6e000 	C:\spring-tool-suite-4-4.24\contents\sts-4.24.0.RELEASE\plugins\org.eclipse.justj.openjdk.hotspot.jre.full.win32.x86_64_21.0.3.v20240426-1530\jre\bin\msvcp140.dll
0x00007ffaa4370000 - 0x00007ffaa50f2000 	C:\spring-tool-suite-4-4.24\contents\sts-4.24.0.RELEASE\plugins\org.eclipse.justj.openjdk.hotspot.jre.full.win32.x86_64_21.0.3.v20240426-1530\jre\bin\server\jvm.dll
0x00007ffb68760000 - 0x00007ffb68812000 	C:\WINDOWS\System32\ADVAPI32.dll
0x00007ffb68a20000 - 0x00007ffb68ac6000 	C:\WINDOWS\System32\sechost.dll
0x00007ffb67e30000 - 0x00007ffb67f46000 	C:\WINDOWS\System32\RPCRT4.dll
0x00007ffb68ad0000 - 0x00007ffb68b44000 	C:\WINDOWS\System32\WS2_32.dll
0x00007ffb66210000 - 0x00007ffb6626e000 	C:\WINDOWS\SYSTEM32\POWRPROF.dll
0x00007ffb4b2a0000 - 0x00007ffb4b2ab000 	C:\WINDOWS\SYSTEM32\VERSION.dll
0x00007ffb5b210000 - 0x00007ffb5b246000 	C:\WINDOWS\SYSTEM32\WINMM.dll
0x00007ffb661f0000 - 0x00007ffb66204000 	C:\WINDOWS\SYSTEM32\UMPDC.dll
0x00007ffb65390000 - 0x00007ffb653aa000 	C:\WINDOWS\SYSTEM32\kernel.appcore.dll
0x00007ffb546e0000 - 0x00007ffb546ea000 	C:\spring-tool-suite-4-4.24\contents\sts-4.24.0.RELEASE\plugins\org.eclipse.justj.openjdk.hotspot.jre.full.win32.x86_64_21.0.3.v20240426-1530\jre\bin\jimage.dll
0x00007ffb635b0000 - 0x00007ffb637f1000 	C:\WINDOWS\SYSTEM32\DBGHELP.DLL
0x00007ffb67fe0000 - 0x00007ffb68362000 	C:\WINDOWS\System32\combase.dll
0x00007ffb671a0000 - 0x00007ffb67276000 	C:\WINDOWS\System32\OLEAUT32.dll
0x00007ffac6fe0000 - 0x00007ffac7019000 	C:\WINDOWS\SYSTEM32\dbgcore.DLL
0x00007ffb66790000 - 0x00007ffb66829000 	C:\WINDOWS\System32\bcryptPrimitives.dll
0x00007ffb52cb0000 - 0x00007ffb52cec000 	C:\spring-tool-suite-4-4.24\contents\sts-4.24.0.RELEASE\plugins\org.eclipse.justj.openjdk.hotspot.jre.full.win32.x86_64_21.0.3.v20240426-1530\jre\bin\jdwp.dll
0x00007ffb62140000 - 0x00007ffb6214f000 	C:\spring-tool-suite-4-4.24\contents\sts-4.24.0.RELEASE\plugins\org.eclipse.justj.openjdk.hotspot.jre.full.win32.x86_64_21.0.3.v20240426-1530\jre\bin\instrument.dll
0x00007ffb4d5a0000 - 0x00007ffb4d5bf000 	C:\spring-tool-suite-4-4.24\contents\sts-4.24.0.RELEASE\plugins\org.eclipse.justj.openjdk.hotspot.jre.full.win32.x86_64_21.0.3.v20240426-1530\jre\bin\java.dll
0x00007ffb44cc0000 - 0x00007ffb44cd8000 	C:\spring-tool-suite-4-4.24\contents\sts-4.24.0.RELEASE\plugins\org.eclipse.justj.openjdk.hotspot.jre.full.win32.x86_64_21.0.3.v20240426-1530\jre\bin\zip.dll
0x00007ffb68b80000 - 0x00007ffb692a9000 	C:\WINDOWS\System32\SHELL32.dll
0x00007ffb67030000 - 0x00007ffb67198000 	C:\WINDOWS\System32\wintypes.dll
0x00007ffb64240000 - 0x00007ffb64a92000 	C:\WINDOWS\SYSTEM32\windows.storage.dll
0x00007ffb68870000 - 0x00007ffb6895d000 	C:\WINDOWS\System32\SHCORE.dll
0x00007ffb676d0000 - 0x00007ffb67734000 	C:\WINDOWS\System32\shlwapi.dll
0x00007ffb66490000 - 0x00007ffb664bf000 	C:\WINDOWS\SYSTEM32\profapi.dll
0x00007ffb60eb0000 - 0x00007ffb60ebb000 	C:\spring-tool-suite-4-4.24\contents\sts-4.24.0.RELEASE\plugins\org.eclipse.justj.openjdk.hotspot.jre.full.win32.x86_64_21.0.3.v20240426-1530\jre\bin\dt_socket.dll
0x00007ffb64f00000 - 0x00007ffb64f33000 	C:\WINDOWS\SYSTEM32\IPHLPAPI.DLL
0x00007ffb658b0000 - 0x00007ffb6591a000 	C:\WINDOWS\system32\mswsock.dll
0x00007ffb64f40000 - 0x00007ffb65065000 	C:\WINDOWS\SYSTEM32\DNSAPI.dll
0x00007ffb67fd0000 - 0x00007ffb67fda000 	C:\WINDOWS\System32\NSI.dll
0x00007ffb5cc40000 - 0x00007ffb5cc4b000 	C:\Windows\System32\rasadhlp.dll
0x00007ffb5da20000 - 0x00007ffb5daa5000 	C:\WINDOWS\System32\fwpuclnt.dll
0x00007ffb546b0000 - 0x00007ffb546c0000 	C:\spring-tool-suite-4-4.24\contents\sts-4.24.0.RELEASE\plugins\org.eclipse.justj.openjdk.hotspot.jre.full.win32.x86_64_21.0.3.v20240426-1530\jre\bin\net.dll
0x00007ffb5c850000 - 0x00007ffb5c96d000 	C:\WINDOWS\SYSTEM32\WINHTTP.dll
0x00007ffb44890000 - 0x00007ffb448a6000 	C:\spring-tool-suite-4-4.24\contents\sts-4.24.0.RELEASE\plugins\org.eclipse.justj.openjdk.hotspot.jre.full.win32.x86_64_21.0.3.v20240426-1530\jre\bin\nio.dll
0x00007ffb542c0000 - 0x00007ffb542ca000 	C:\spring-tool-suite-4-4.24\contents\sts-4.24.0.RELEASE\plugins\org.eclipse.justj.openjdk.hotspot.jre.full.win32.x86_64_21.0.3.v20240426-1530\jre\bin\management.dll
0x00007ffb53030000 - 0x00007ffb5303b000 	C:\spring-tool-suite-4-4.24\contents\sts-4.24.0.RELEASE\plugins\org.eclipse.justj.openjdk.hotspot.jre.full.win32.x86_64_21.0.3.v20240426-1530\jre\bin\management_ext.dll
0x00007ffb68a10000 - 0x00007ffb68a18000 	C:\WINDOWS\System32\PSAPI.DLL
0x00007ffb3e810000 - 0x00007ffb3e828000 	C:\WINDOWS\system32\napinsp.dll
0x00007ffb3d400000 - 0x00007ffb3d412000 	C:\WINDOWS\System32\winrnr.dll
0x00007ffb3d3c0000 - 0x00007ffb3d3f0000 	C:\WINDOWS\system32\nlansp_c.dll
0x00007ffb54f30000 - 0x00007ffb54f46000 	C:\WINDOWS\system32\wshbth.dll
0x00007ffb65b50000 - 0x00007ffb65b6c000 	C:\WINDOWS\SYSTEM32\CRYPTSP.dll
0x00007ffb652f0000 - 0x00007ffb6532a000 	C:\WINDOWS\system32\rsaenh.dll
0x00007ffb65950000 - 0x00007ffb6597b000 	C:\WINDOWS\SYSTEM32\USERENV.dll
0x00007ffb66460000 - 0x00007ffb66486000 	C:\WINDOWS\SYSTEM32\bcrypt.dll
0x00007ffb65b70000 - 0x00007ffb65b7c000 	C:\WINDOWS\SYSTEM32\CRYPTBASE.dll
0x00007ffb59cc0000 - 0x00007ffb59cc9000 	C:\spring-tool-suite-4-4.24\contents\sts-4.24.0.RELEASE\plugins\org.eclipse.justj.openjdk.hotspot.jre.full.win32.x86_64_21.0.3.v20240426-1530\jre\bin\extnet.dll
0x00007ffb54630000 - 0x00007ffb54640000 	C:\spring-tool-suite-4-4.24\contents\sts-4.24.0.RELEASE\plugins\org.eclipse.justj.openjdk.hotspot.jre.full.win32.x86_64_21.0.3.v20240426-1530\jre\bin\verify.dll
0x00007ffb60dd0000 - 0x00007ffb60dde000 	C:\spring-tool-suite-4-4.24\contents\sts-4.24.0.RELEASE\plugins\org.eclipse.justj.openjdk.hotspot.jre.full.win32.x86_64_21.0.3.v20240426-1530\jre\bin\sunmscapi.dll
0x00007ffb66e20000 - 0x00007ffb66f97000 	C:\WINDOWS\System32\CRYPT32.dll
0x00007ffb65d50000 - 0x00007ffb65d80000 	C:\WINDOWS\SYSTEM32\ncrypt.dll
0x00007ffb65d00000 - 0x00007ffb65d3f000 	C:\WINDOWS\SYSTEM32\NTASN1.dll
0x00007ffb41d90000 - 0x00007ffb41d98000 	C:\WINDOWS\system32\wshunix.dll

dbghelp: loaded successfully - version: 4.0.5 - missing functions: none
symbol engine: initialized successfully - sym options: 0x614 - pdb path: .;C:\spring-tool-suite-4-4.24\contents\sts-4.24.0.RELEASE\plugins\org.eclipse.justj.openjdk.hotspot.jre.full.win32.x86_64_21.0.3.v20240426-1530\jre\bin;C:\WINDOWS\SYSTEM32;C:\WINDOWS\WinSxS\amd64_microsoft.windows.common-controls_6595b64144ccf1df_6.0.26100.3624_none_3e086962e3345f24;C:\spring-tool-suite-4-4.24\contents\sts-4.24.0.RELEASE\plugins\org.eclipse.justj.openjdk.hotspot.jre.full.win32.x86_64_21.0.3.v20240426-1530\jre\bin\server

VM Arguments:
jvm_args: -XX:+ShowCodeDetailsInExceptionMessages -agentlib:jdwp=transport=dt_socket,suspend=y,address=localhost:50182 -Dcom.sun.management.jmxremote -Dcom.sun.management.jmxremote.port=50177 -Dcom.sun.management.jmxremote.authenticate=false -Dcom.sun.management.jmxremote.ssl=false -Djava.rmi.server.hostname=localhost -Dspring.jmx.enabled=true -Dmanagement.endpoints.jmx.exposure.include=* -Dspring.application.admin.enabled=true -XX:TieredStopAtLevel=1 -Dspring.boot.project.name=E-Manager -javaagent:C:\spring-tool-suite-4-4.24\contents\sts-4.24.0.RELEASE\configuration\org.eclipse.osgi\230\0\.cp\lib\javaagent-shaded.jar -Dfile.encoding=UTF-8 -Dstdout.encoding=UTF-8 -Dstderr.encoding=UTF-8 
java_command: com.framework.ProjectApplication --spring.output.ansi.enabled=always
java_class_path (initial): C:\dev\Jreal\target\classes;C:\Users\j_y03\.m2\repository\org\springframework\boot\spring-boot-starter-web\2.7.5\spring-boot-starter-web-2.7.5.jar;C:\Users\j_y03\.m2\repository\org\springframework\boot\spring-boot-starter\2.7.5\spring-boot-starter-2.7.5.jar;C:\Users\j_y03\.m2\repository\org\springframework\boot\spring-boot-starter-logging\2.7.5\spring-boot-starter-logging-2.7.5.jar;C:\Users\j_y03\.m2\repository\ch\qos\logback\logback-classic\1.2.11\logback-classic-1.2.11.jar;C:\Users\j_y03\.m2\repository\ch\qos\logback\logback-core\1.2.11\logback-core-1.2.11.jar;C:\Users\j_y03\.m2\repository\org\apache\logging\log4j\log4j-to-slf4j\2.17.2\log4j-to-slf4j-2.17.2.jar;C:\Users\j_y03\.m2\repository\org\apache\logging\log4j\log4j-api\2.17.2\log4j-api-2.17.2.jar;C:\Users\j_y03\.m2\repository\org\slf4j\jul-to-slf4j\1.7.36\jul-to-slf4j-1.7.36.jar;C:\Users\j_y03\.m2\repository\org\yaml\snakeyaml\1.30\snakeyaml-1.30.jar;C:\Users\j_y03\.m2\repository\org\springframework\boot\spring-boot-starter-json\2.7.5\spring-boot-starter-json-2.7.5.jar;C:\Users\j_y03\.m2\repository\com\fasterxml\jackson\core\jackson-databind\2.13.4.2\jackson-databind-2.13.4.2.jar;C:\Users\j_y03\.m2\repository\com\fasterxml\jackson\core\jackson-annotations\2.13.4\jackson-annotations-2.13.4.jar;C:\Users\j_y03\.m2\repository\com\fasterxml\jackson\core\jackson-core\2.13.4\jackson-core-2.13.4.jar;C:\Users\j_y03\.m2\repository\com\fasterxml\jackson\datatype\jackson-datatype-jdk8\2.13.4\jackson-datatype-jdk8-2.13.4.jar;C:\Users\j_y03\.m2\repository\com\fasterxml\jackson\datatype\jackson-datatype-jsr310\2.13.4\jackson-datatype-jsr310-2.13.4.jar;C:\Users\j_y03\.m2\repository\com\fasterxml\jackson\module\jackson-module-parameter-names\2.13.4\jackson-module-parameter-names-2.13.4.jar;C:\Users\j_y03\.m2\repository\org\springframework\spring-web\5.3.23\spring-web-5.3.23.jar;C:\Users\j_y03\.m2\repository\org\springframework\spring-beans\5.3.23\spring-beans-5.3.23.jar;C:\Users\j_y03\.m2\repository\org\springframework\spring-webmvc\5.3.23\spring-webmvc-5.3.23.jar;C:\Users\j_y03\.m2\repository\org\springframework\spring-aop\5.3.23\spring-aop-5.3.23.jar;C:\Users\j_y03\.m2\repository\org\springframework\spring-context\5.3.23\spring-context-5.3.23.jar;C:\Users\j_y03\.m2\repository\org\springframework\spring-expression\5.3.23\spring-expression-5.3.23.jar;C:\Users\j_y03\.m2\repository\org\springframework\boot\spring-boot-starter-tomcat\2.7.5\spring-boot-starter-tomcat-2.7.5.jar;C:\Users\j_y03\.m2\repository\jakarta\annotation\jakarta.annotation-api\1.3.5\jakarta.annotation-api-1.3.5.jar;C:\Users\j_y03\.m2\repository\org\apache\tomcat\embed\tomcat-embed-core\9.0.68\tomcat-embed-core-9.0.68.jar;C:\Users\j_y03\.m2\repository\org\apache\tomcat\embed\tomcat-embed-el\9.0.68\tomcat-embed-el-9.0.68.jar;C:\Users\j_y03\.m2\repository\org\apache\tomcat\embed\tomcat-embed-websocket\9.0.68\tomcat-embed-websocket-9.0.68.jar;C:\Users\j_y03\.m2\repository\org\slf4j\slf4j-api\1.7.36\slf4j-api-1.7.36.jar;C:\Users\j_y03\.m2\repository\jakarta\xml\bind\jakarta.xml.bind-api\2.3.3\jakarta.xml.bind-api-2.3.3.jar;C:\Users\j_y03\.m2\repository\jakarta\activation\jakarta.activation-api\1.2.2\jakarta.activation-api-1.2.2.jar;C:\Users\j_y03\.m2\repository\org\springframework\spring-core\5.3.23\spring-core-5.3.23.jar;C:\Users\j_y03\.m2\repository\org\springframework\spring-jcl\5.3.23\spring-jcl-5.3.23.jar;C:\Users\j_y03\.m2\repository\org\mybatis\spring\boot\mybatis-spring-boot-starter\2.1.1\mybatis-spring-boot-starter-2.1.1.jar;C:\Users\j_y03\.m2\repository\org\springframework\boot\spring-boot-starter-jdbc\2.7.5\spring-boot-starter-jdbc-2.7.5.jar;C:\Users\j_y03\.m2\repository\com\zaxxer\HikariCP\4.0.3\HikariCP-4.0.3.jar;C:\Users\j_y03\.m2\repository\org\springframework\spring-jdbc\5.3.23\spring-jdbc-5.3.23.jar;C:\Users\j_y03\.m2\repository\org\springframework\spring-tx\5.3.23\spring-tx-5.3.23.jar;C:\Users\j_y03\.m2\repository\org\mybatis\spring\boot\mybatis-spring-boot-autoconfigure\2.1.1\mybatis-spring-boot-autoconfigure-2.1.1.jar;C:\Users\j_y03\.m2\repository\org\mybatis\mybatis\3.5.3\mybatis-3.5.3.jar;C:\Users\j_y03\.m2\repository\org\mybatis\mybatis-spring\2.0.3\mybatis-spring-2.0.3.jar;C:\Users\j_y03\.m2\repository\org\springframework\boot\spring-boot-devtools\2.7.5\spring-boot-devtools-2.7.5.jar;C:\Users\j_y03\.m2\repository\org\springframework\boot\spring-boot\2.7.5\spring-boot-2.7.5.jar;C:\Users\j_y03\.m2\repository\org\springframework\boot\spring-boot-autoconfigure\2.7.5\spring-boot-autoconfigure-2.7.5.jar;C:\Users\j_y03\.m2\repository\org\springframework\boot\spring-boot-configuration-processor\2.7.5\spring-boot-configuration-processor-2.7.5.jar;C:\Users\j_y03\.m2\repository\org\bgee\log4jdbc-log4j2\log4jdbc-log4j2-jdbc4.1\1.16\log4jdbc-log4j2-jdbc4.1-1.16.jar;C:\Users\j_y03\.m2\repository\org\postgresql\postgresql\42.5.0\postgresql-42.5.0.jar;C:\Users\j_y03\.m2\repository\org\checkerframework\checker-qual\3.5.0\checker-qual-3.5.0.jar;C:\Users\j_y03\.m2\repository\org\apache\tomcat\embed\tomcat-embed-jasper\9.0.68\tomcat-embed-jasper-9.0.68.jar;C:\Users\j_y03\.m2\repository\org\eclipse\jdt\ecj\3.18.0\ecj-3.18.0.jar;C:\Users\j_y03\.m2\repository\javax\servlet\jstl\1.2\jstl-1.2.jar;C:\Users\j_y03\.m2\repository\org\apache\taglibs\taglibs-standard-spec\1.2.5\taglibs-standard-spec-1.2.5.jar;C:\Users\j_y03\.m2\repository\org\apache\taglibs\taglibs-standard-jstlel\1.2.5\taglibs-standard-jstlel-1.2.5.jar;C:\Users\j_y03\.m2\repository\org\apache\taglibs\taglibs-standard-impl\1.2.5\taglibs-standard-impl-1.2.5.jar;C:\Users\j_y03\.m2\repository\org\apache\httpcomponents\httpclient\4.5.6\httpclient-4.5.6.jar;C:\Users\j_y03\.m2\repository\org\apache\httpcomponents\httpcore\4.4.15\httpcore-4.4.15.jar;C:\Users\j_y03\.m2\repository\commons-codec\commons-codec\1.15\commons-codec-1.15.jar;C:\Users\j_y03\.m2\repository\org\json\json\20220924\json-20220924.jar;C:\Users\j_y03\.m2\repository\org\apache\poi\poi-ooxml\5.0.0\poi-ooxml-5.0.0.jar;C:\Users\j_y03\.m2\repository\org\apache\poi\poi\5.0.0\poi-5.0.0.jar;C:\Users\j_y03\.m2\repository\org\slf4j\jcl-over-slf4j\1.7.36\jcl-over-slf4j-1.7.36.jar;C:\Users\j_y03\.m2\repository\org\apache\commons\commons-collections4\4.4\commons-collections4-4.4.jar;C:\Users\j_y03\.m2\repository\org\apache\commons\commons-math3\3.6.1\commons-math3-3.6.1.jar;C:\Users\j_y03\.m2\repository\com\zaxxer\SparseBitSet\1.2\SparseBitSet-1.2.jar;C:\Users\j_y03\.m2\repository\org\apache\poi\poi-ooxml-lite\5.0.0\poi-ooxml-lite-5.0.0.jar;C:\Users\j_y03\.m2\repository\org\apache\xmlbeans\xmlbeans\4.0.0\xmlbeans-4.0.0.jar;C:\Users\j_y03\.m2\repository\org\apache\commons\commons-compress\1.20\commons-compress-1.20.jar;C:\Users\j_y03\.m2\repository\com\github\virtuald\curvesapi\1.06\curvesapi-1.06.jar;C:\Users\j_y03\.m2\repository\org\bouncycastle\bcpkix-jdk15on\1.68\bcpkix-jdk15on-1.68.jar;C:\Users\j_y03\.m2\repository\org\bouncycastle\bcprov-jdk15on\1.68\bcprov-jdk15on-1.68.jar;C:\Users\j_y03\.m2\repository\org\apache\santuario\xmlsec\2.2.1\xmlsec-2.2.1.jar;C:\Users\j_y03\.m2\repository\com\fasterxml\woodstox\woodstox-core\5.2.1\woodstox-core-5.2.1.jar;C:\Users\j_y03\.m2\repository\org\codehaus\woodstox\stax2-api\4.2\stax2-api-4.2.jar;C:\Users\j_y03\.m2\repository\org\apache\xmlgraphics\batik-all\1.13\batik-all-1.13.jar;C:\Users\j_y03\.m2\repository\org\apache\xmlgraphics\batik-anim\1.13\batik-anim-1.13.jar;C:\Users\j_y03\.m2\repository\org\apache\xmlgraphics\batik-shared-resources\1.13\batik-shared-resources-1.13.jar;C:\Users\j_y03\.m2\repository\xml-apis\xml-apis-ext\1.3.04\xml-apis-ext-1.3.04.jar;C:\Users\j_y03\.m2\repository\org\apache\xmlgraphics\batik-awt-util\1.13\batik-awt-util-1.13.jar;C:\Users\j_y03\.m2\repository\org\apache\xmlgraphics\xmlgraphics-commons\2.4\xmlgraphics-commons-2.4.jar;C:\Users\j_y03\.m2\repository\org\apache\xmlgraphics\batik-bridge\1.13\batik-bridge-1.13.jar;C:\Users\j_y03\.m2\repository\org\apache\xmlgraphics\batik-codec\1.13\batik-codec-1.13.jar;C:\Users\j_y03\.m2\repository\org\apache\xmlgraphics\batik-constants\1.13\batik-constants-1.13.jar;C:\Users\j_y03\.m2\repository\org\apache\xmlgraphics\batik-css\1.13\batik-css-1.13.jar;C:\Users\j_y03\.m2\repository\org\apache\xmlgraphics\batik-dom\1.13\batik-dom-1.13.jar;C:\Users\j_y03\.m2\repository\xalan\xalan\2.7.2\xalan-2.7.2.jar;C:\Users\j_y03\.m2\repository\xalan\serializer\2.7.2\serializer-2.7.2.jar;C:\Users\j_y03\.m2\repository\xml-apis\xml-apis\1.4.01\xml-apis-1.4.01.jar;C:\Users\j_y03\.m2\repository\org\apache\xmlgraphics\batik-ext\1.13\batik-ext-1.13.jar;C:\Users\j_y03\.m2\repository\org\apache\xmlgraphics\batik-extension\1.13\batik-extension-1.13.jar;C:\Users\j_y03\.m2\repository\org\apache\xmlgraphics\batik-gui-util\1.13\batik-gui-util-1.13.jar;C:\Users\j_y03\.m2\repository\org\apache\xmlgraphics\batik-gvt\1.13\batik-gvt-1.13.jar;C:\Users\j_y03\.m2\repository\org\apache\xmlgraphics\batik-i18n\1.13\batik-i18n-1.13.jar;C:\Users\j_y03\.m2\repository\org\apache\xmlgraphics\batik-parser\1.13\batik-parser-1.13.jar;C:\Users\j_y03\.m2\repository\org\apache\xmlgraphics\batik-rasterizer-ext\1.13\batik-rasterizer-ext-1.13.jar;C:\Users\j_y03\.m2\repository\org\apache\xmlgraphics\batik-rasterizer\1.13\batik-rasterizer-1.13.jar;C:\Users\j_y03\.m2\repository\org\apache\xmlgraphics\batik-script\1.13\batik-script-1.13.jar;C:\Users\j_y03\.m2\repository\org\apache\xmlgraphics\batik-slideshow\1.13\batik-slideshow-1.13.jar;C:\Users\j_y03\.m2\repository\org\apache\xmlgraphics\batik-squiggle-ext\1.13\batik-squiggle-ext-1.13.jar;C:\Users\j_y03\.m2\repository\org\apache\xmlgraphics\batik-squiggle\1.13\batik-squiggle-1.13.jar;C:\Users\j_y03\.m2\repository\org\apache\xmlgraphics\batik-svg-dom\1.13\batik-svg-dom-1.13.jar;C:\Users\j_y03\.m2\repository\org\apache\xmlgraphics\batik-svgbrowser\1.13\batik-svgbrowser-1.13.jar;C:\Users\j_y03\.m2\repository\org\apache\xmlgraphics\batik-svggen\1.13\batik-svggen-1.13.jar;C:\Users\j_y03\.m2\repository\org\apache\xmlgraphics\batik-svgpp\1.13\batik-svgpp-1.13.jar;C:\Users\j_y03\.m2\repository\org\apache\xmlgraphics\batik-svgrasterizer\1.13\batik-svgrasterizer-1.13.jar;C:\Users\j_y03\.m2\repository\org\apache\xmlgraphics\batik-swing\1.13\batik-swing-1.13.jar;C:\Users\j_y03\.m2\repository\org\apache\xmlgraphics\batik-transcoder\1.13\batik-transcoder-1.13.jar;C:\Users\j_y03\.m2\repository\org\apache\xmlgraphics\batik-util\1.13\batik-util-1.13.jar;C:\Users\j_y03\.m2\repository\org\apache\xmlgraphics\batik-ttf2svg\1.13\batik-ttf2svg-1.13.jar;C:\Users\j_y03\.m2\repository\org\apache\xmlgraphics\batik-xml\1.13\batik-xml-1.13.jar;C:\Users\j_y03\.m2\repository\de\rototor\pdfbox\graphics2d\0.30\graphics2d-0.30.jar;C:\Users\j_y03\.m2\repository\org\apache\pdfbox\pdfbox\2.0.22\pdfbox-2.0.22.jar;C:\Users\j_y03\.m2\repository\org\apache\pdfbox\fontbox\2.0.22\fontbox-2.0.22.jar;C:\Users\j_y03\.m2\repository\commons-io\commons-io\2.6\commons-io-2.6.jar;C:\Users\j_y03\.m2\repository\com\sun\mail\javax.mail\1.6.2\javax.mail-1.6.2.jar;C:\Users\j_y03\.m2\repository\javax\activation\activation\1.1\activation-1.1.jar
Launcher Type: SUN_STANDARD

[Global flags]
     intx CICompilerCount                          = 12                                        {product} {ergonomic}
     uint ConcGCThreads                            = 3                                         {product} {ergonomic}
     uint G1ConcRefinementThreads                  = 13                                        {product} {ergonomic}
   size_t G1HeapRegionSize                         = 4194304                                   {product} {ergonomic}
    uintx GCDrainStackTargetSize                   = 64                                        {product} {ergonomic}
   size_t InitialHeapSize                          = 532676608                                 {product} {ergonomic}
     bool ManagementServer                         = true                                      {product} {command line}
   size_t MarkStackSize                            = 4194304                                   {product} {ergonomic}
   size_t MaxHeapSize                              = 8489271296                                {product} {ergonomic}
   size_t MaxNewSize                               = 5091885056                                {product} {ergonomic}
   size_t MinHeapDeltaBytes                        = 4194304                                   {product} {ergonomic}
   size_t MinHeapSize                              = 8388608                                   {product} {ergonomic}
    uintx NonNMethodCodeHeapSize                   = 4096                                   {pd product} {ergonomic}
    uintx NonProfiledCodeHeapSize                  = 0                                      {pd product} {ergonomic}
     bool ProfileInterpreter                       = false                                  {pd product} {command line}
    uintx ProfiledCodeHeapSize                     = 0                                      {pd product} {ergonomic}
     bool ShowCodeDetailsInExceptionMessages       = true                                   {manageable} {command line}
   size_t SoftMaxHeapSize                          = 8489271296                             {manageable} {ergonomic}
     intx TieredStopAtLevel                        = 1                                         {product} {command line}
     bool UseCompressedOops                        = true                           {product lp64_product} {ergonomic}
     bool UseG1GC                                  = true                                      {product} {ergonomic}
     bool UseLargePagesIndividualAllocation        = false                                  {pd product} {ergonomic}

Logging:
Log output configuration:
 #0: stdout all=warning uptime,level,tags foldmultilines=false
 #1: stderr all=off uptime,level,tags foldmultilines=false

Environment Variables:
PATH=C:\spring-tool-suite-4-4.24\contents\sts-4.24.0.RELEASE\plugins\org.eclipse.justj.openjdk.hotspot.jre.full.win32.x86_64_21.0.3.v20240426-1530\jre\bin;C:/spring-tool-suite-4-4.24/contents/sts-4.24.0.RELEASE//plugins/org.eclipse.justj.openjdk.hotspot.jre.full.win32.x86_64_21.0.3.v20240426-1530/jre/bin/server;C:/spring-tool-suite-4-4.24/contents/sts-4.24.0.RELEASE//plugins/org.eclipse.justj.openjdk.hotspot.jre.full.win32.x86_64_21.0.3.v20240426-1530/jre/bin;C:\WINDOWS\system32;C:\WINDOWS;C:\WINDOWS\System32\Wbem;C:\WINDOWS\System32\WindowsPowerShell\v1.0\;C:\WINDOWS\System32\OpenSSH\;C:\Program Files\Bandizip\;C:\Users\j_y03\AppData\Local\Microsoft\WindowsApps;;C:\Users\j_y03\AppData\Local\afreeca;C:\spring-tool-suite-4-4.24\contents\sts-4.24.0.RELEASE;
USERNAME=j_y03
OS=Windows_NT
PROCESSOR_IDENTIFIER=Intel64 Family 6 Model 154 Stepping 3, GenuineIntel
TMP=C:\Users\j_y03\AppData\Local\Temp
TEMP=C:\Users\j_y03\AppData\Local\Temp




Periodic native trim disabled

---------------  S Y S T E M  ---------------

OS:
 Windows 11 , 64 bit Build 26100 (10.0.26100.3775)
OS uptime: 46 days 23:13 hours

CPU: total 16 (initial active 16) (8 cores per cpu, 2 threads per core) family 6 model 154 stepping 3 microcode 0x423, cx8, cmov, fxsr, ht, mmx, 3dnowpref, sse, sse2, sse3, ssse3, sse4.1, sse4.2, popcnt, lzcnt, tsc, tscinvbit, avx, avx2, aes, erms, clmul, bmi1, bmi2, adx, sha, fma, vzeroupper, clflush, clflushopt, clwb, serialize, rdtscp, rdpid, fsrm, f16c, pku, cet_ibt, cet_ss
Processor Information for processor 0
  Max Mhz: 2100, Current Mhz: 2100, Mhz Limit: 2100
Processor Information for processor 1
  Max Mhz: 2100, Current Mhz: 2100, Mhz Limit: 2100
Processor Information for processor 2
  Max Mhz: 2100, Current Mhz: 2100, Mhz Limit: 2100
Processor Information for processor 3
  Max Mhz: 2100, Current Mhz: 2100, Mhz Limit: 2100
Processor Information for processor 4
  Max Mhz: 2100, Current Mhz: 2100, Mhz Limit: 2100
Processor Information for processor 5
  Max Mhz: 2100, Current Mhz: 2100, Mhz Limit: 2100
Processor Information for processor 6
  Max Mhz: 2100, Current Mhz: 2100, Mhz Limit: 2100
Processor Information for processor 7
  Max Mhz: 2100, Current Mhz: 2100, Mhz Limit: 2100
Processor Information for processor 8
  Max Mhz: 2100, Current Mhz: 1500, Mhz Limit: 1491
Processor Information for processor 9
  Max Mhz: 2100, Current Mhz: 1500, Mhz Limit: 1491
Processor Information for processor 10
  Max Mhz: 2100, Current Mhz: 1500, Mhz Limit: 1491
Processor Information for processor 11
  Max Mhz: 2100, Current Mhz: 1500, Mhz Limit: 1491
Processor Information for processor 12
  Max Mhz: 2100, Current Mhz: 1500, Mhz Limit: 1491
Processor Information for processor 13
  Max Mhz: 2100, Current Mhz: 1500, Mhz Limit: 1491
Processor Information for processor 14
  Max Mhz: 2100, Current Mhz: 1500, Mhz Limit: 1491
Processor Information for processor 15
  Max Mhz: 2100, Current Mhz: 1500, Mhz Limit: 1491

Memory: 4k page, system-wide physical 32381M (14552M free)
TotalPageFile size 34429M (AvailPageFile size 13312M)
current process WorkingSet (physical memory assigned to process): 349M, peak: 423M
current process commit charge ("private bytes"): 408M, peak: 629M

vm_info: OpenJDK 64-Bit Server VM (21.0.3+9-LTS) for windows-amd64 JRE (21.0.3+9-LTS), built on 2024-04-16T00:00:00Z by "admin" with MS VC++ 17.7 (VS2022)

END.
